2025-12-30 22:40:27.902 [info] Reading sessions from keychain...
2025-12-30 22:40:27.902 [info] Getting sessions for all scopes...
2025-12-30 22:40:27.938 [info] Got 0 sessions for ...
2025-12-30 22:40:27.938 [info] Getting sessions for all scopes...
2025-12-30 22:40:27.938 [info] Got 0 sessions for ...
2025-12-30 22:40:27.938 [info] Getting sessions for all scopes...
2025-12-30 22:40:27.938 [info] Got 0 sessions for ...
2025-12-30 22:40:27.938 [info] Getting sessions for all scopes...
2025-12-30 22:40:27.938 [info] Got 0 sessions for ...
2025-12-30 22:40:27.938 [info] Getting sessions for all scopes...
2025-12-30 22:40:27.938 [info] Got 0 sessions for ...
2025-12-30 22:40:27.938 [info] Getting sessions for all scopes...
2025-12-30 22:40:27.938 [info] Got 0 sessions for ...
2025-12-30 22:40:27.938 [info] Getting sessions for all scopes...
2025-12-30 22:40:27.938 [info] Got 0 sessions for ...
2025-12-30 22:40:27.938 [info] Getting sessions for all scopes...
2025-12-30 22:40:27.938 [info] Got 0 sessions for ...
2025-12-30 22:40:27.938 [info] Getting sessions for all scopes...
2025-12-30 22:40:27.938 [info] Got 0 sessions for ...
2025-12-30 22:40:27.950 [info] Getting sessions for all scopes...
2025-12-30 22:40:27.950 [info] Got 0 sessions for ...
2025-12-30 22:40:27.950 [info] Getting sessions for all scopes...
2025-12-30 22:40:27.950 [info] Got 0 sessions for ...
2025-12-30 22:40:27.950 [info] Getting sessions for all scopes...
2025-12-30 22:40:27.950 [info] Got 0 sessions for ...
2025-12-30 22:40:27.950 [info] Getting sessions for all scopes...
2025-12-30 22:40:27.950 [info] Got 0 sessions for ...
2025-12-30 22:40:27.950 [info] Getting sessions for all scopes...
2025-12-30 22:40:27.950 [info] Got 0 sessions for ...
2025-12-30 22:40:27.950 [info] Getting sessions for all scopes...
2025-12-30 22:40:27.950 [info] Got 0 sessions for ...
2025-12-30 22:40:28.308 [info] Getting sessions for read:user,repo,user:email,workflow...
2025-12-30 22:40:28.308 [info] Got 0 sessions for read:user,repo,user:email,workflow...
