2025-12-31 01:11:52.106 [info] Reading sessions from keychain...
2025-12-31 01:11:52.106 [info] Getting sessions for all scopes...
2025-12-31 01:11:52.106 [info] Got 0 sessions for ...
2025-12-31 01:11:52.106 [info] Getting sessions for all scopes...
2025-12-31 01:11:52.106 [info] Got 0 sessions for ...
2025-12-31 01:11:52.106 [info] Getting sessions for all scopes...
2025-12-31 01:11:52.106 [info] Got 0 sessions for ...
2025-12-31 01:11:52.106 [info] Getting sessions for all scopes...
2025-12-31 01:11:52.106 [info] Got 0 sessions for ...
2025-12-31 01:11:52.106 [info] Getting sessions for all scopes...
2025-12-31 01:11:52.106 [info] Got 0 sessions for ...
2025-12-31 01:11:52.106 [info] Getting sessions for all scopes...
2025-12-31 01:11:52.106 [info] Got 0 sessions for ...
2025-12-31 01:11:52.106 [info] Getting sessions for all scopes...
2025-12-31 01:11:52.106 [info] Got 0 sessions for ...
2025-12-31 01:11:52.106 [info] Getting sessions for all scopes...
2025-12-31 01:11:52.106 [info] Got 0 sessions for ...
2025-12-31 01:11:52.117 [info] Getting sessions for all scopes...
2025-12-31 01:11:52.117 [info] Got 0 sessions for ...
2025-12-31 01:11:52.118 [info] Getting sessions for all scopes...
2025-12-31 01:11:52.118 [info] Got 0 sessions for ...
2025-12-31 01:11:52.118 [info] Getting sessions for all scopes...
2025-12-31 01:11:52.118 [info] Got 0 sessions for ...
2025-12-31 01:11:52.118 [info] Getting sessions for all scopes...
2025-12-31 01:11:52.118 [info] Got 0 sessions for ...
2025-12-31 01:11:52.118 [info] Getting sessions for all scopes...
2025-12-31 01:11:52.118 [info] Got 0 sessions for ...
2025-12-31 01:11:52.118 [info] Getting sessions for all scopes...
2025-12-31 01:11:52.118 [info] Got 0 sessions for ...
2025-12-31 01:11:52.124 [info] Getting sessions for all scopes...
2025-12-31 01:11:52.124 [info] Got 0 sessions for ...
2025-12-31 01:11:52.133 [info] Getting sessions for all scopes...
2025-12-31 01:11:52.133 [info] Got 0 sessions for ...
2025-12-31 01:11:52.688 [info] Getting sessions for read:user,repo,user:email,workflow...
2025-12-31 01:11:52.688 [info] Got 0 sessions for read:user,repo,user:email,workflow...
2025-12-31 01:11:52.949 [info] Getting sessions for read:user,repo,user:email,workflow...
2025-12-31 01:11:52.949 [info] Got 0 sessions for read:user,repo,user:email,workflow...
2025-12-31 01:11:54.070 [info] Getting sessions for all scopes...
2025-12-31 01:11:54.070 [info] Got 0 sessions for ...
