2025-12-31 00:57:10.035 [info] Reading sessions from keychain...
2025-12-31 00:57:10.035 [info] Getting sessions for all scopes...
2025-12-31 00:57:10.035 [info] Got 0 sessions for ...
2025-12-31 00:57:10.035 [info] Getting sessions for all scopes...
2025-12-31 00:57:10.035 [info] Got 0 sessions for ...
2025-12-31 00:57:10.035 [info] Getting sessions for all scopes...
2025-12-31 00:57:10.035 [info] Got 0 sessions for ...
2025-12-31 00:57:10.035 [info] Getting sessions for all scopes...
2025-12-31 00:57:10.035 [info] Got 0 sessions for ...
2025-12-31 00:57:10.035 [info] Getting sessions for all scopes...
2025-12-31 00:57:10.035 [info] Got 0 sessions for ...
2025-12-31 00:57:10.035 [info] Getting sessions for all scopes...
2025-12-31 00:57:10.035 [info] Got 0 sessions for ...
2025-12-31 00:57:10.035 [info] Getting sessions for all scopes...
2025-12-31 00:57:10.035 [info] Got 0 sessions for ...
2025-12-31 00:57:10.035 [info] Getting sessions for all scopes...
2025-12-31 00:57:10.035 [info] Got 0 sessions for ...
2025-12-31 00:57:10.035 [info] Getting sessions for all scopes...
2025-12-31 00:57:10.035 [info] Got 0 sessions for ...
2025-12-31 00:57:10.035 [info] Getting sessions for all scopes...
2025-12-31 00:57:10.035 [info] Got 0 sessions for ...
2025-12-31 00:57:10.035 [info] Getting sessions for all scopes...
2025-12-31 00:57:10.035 [info] Got 0 sessions for ...
2025-12-31 00:57:10.035 [info] Getting sessions for all scopes...
2025-12-31 00:57:10.035 [info] Got 0 sessions for ...
2025-12-31 00:57:10.035 [info] Getting sessions for all scopes...
2025-12-31 00:57:10.035 [info] Got 0 sessions for ...
2025-12-31 00:57:10.035 [info] Getting sessions for all scopes...
2025-12-31 00:57:10.035 [info] Got 0 sessions for ...
2025-12-31 00:57:10.035 [info] Getting sessions for all scopes...
2025-12-31 00:57:10.035 [info] Got 0 sessions for ...
2025-12-31 00:57:10.035 [info] Getting sessions for all scopes...
2025-12-31 00:57:10.035 [info] Got 0 sessions for ...
2025-12-31 00:57:11.461 [info] Getting sessions for read:user,repo,user:email,workflow...
2025-12-31 00:57:11.461 [info] Got 0 sessions for read:user,repo,user:email,workflow...
2025-12-31 00:58:02.791 [info] Getting sessions for read:user,repo,user:email,workflow...
2025-12-31 00:58:02.791 [info] Got 0 sessions for read:user,repo,user:email,workflow...
