2025-12-30 22:44:24.682 [info] [main] Log level: Info
2025-12-30 22:44:24.682 [info] [main] Validating found git in: "git"
2025-12-30 22:44:24.682 [info] [main] Using git "2.52.0" from "git"
2025-12-30 22:44:24.682 [info] [Model][doInitialScan] Initial repository scan started
2025-12-30 22:44:24.682 [info] > git rev-parse --show-toplevel [6ms]
2025-12-30 22:44:24.682 [info] fatal: not a git repository (or any parent up to mount point /)
Stopping at filesystem boundary (GIT_DISCOVERY_ACROSS_FILESYSTEM not set).
2025-12-30 22:44:24.682 [info] > git rev-parse --show-toplevel [0ms]
2025-12-30 22:44:24.682 [info] fatal: not a git repository (or any parent up to mount point /)
Stopping at filesystem boundary (GIT_DISCOVERY_ACROSS_FILESYSTEM not set).
2025-12-30 22:44:24.682 [info] > git rev-parse --show-toplevel [1ms]
2025-12-30 22:44:24.682 [info] fatal: not a git repository (or any parent up to mount point /)
Stopping at filesystem boundary (GIT_DISCOVERY_ACROSS_FILESYSTEM not set).
2025-12-30 22:44:24.682 [info] > git rev-parse --show-toplevel [1ms]
2025-12-30 22:44:24.682 [info] fatal: not a git repository (or any parent up to mount point /)
Stopping at filesystem boundary (GIT_DISCOVERY_ACROSS_FILESYSTEM not set).
2025-12-30 22:44:24.682 [info] > git rev-parse --show-toplevel [0ms]
2025-12-30 22:44:24.682 [info] fatal: not a git repository (or any parent up to mount point /)
Stopping at filesystem boundary (GIT_DISCOVERY_ACROSS_FILESYSTEM not set).
2025-12-30 22:44:24.682 [info] > git rev-parse --show-toplevel [1ms]
2025-12-30 22:44:24.682 [info] fatal: not a git repository (or any parent up to mount point /)
Stopping at filesystem boundary (GIT_DISCOVERY_ACROSS_FILESYSTEM not set).
2025-12-30 22:44:24.682 [info] > git rev-parse --show-toplevel [0ms]
2025-12-30 22:44:24.682 [info] fatal: not a git repository (or any parent up to mount point /)
Stopping at filesystem boundary (GIT_DISCOVERY_ACROSS_FILESYSTEM not set).
2025-12-30 22:44:24.682 [info] > git rev-parse --show-toplevel [0ms]
2025-12-30 22:44:24.682 [info] fatal: not a git repository (or any parent up to mount point /)
Stopping at filesystem boundary (GIT_DISCOVERY_ACROSS_FILESYSTEM not set).
2025-12-30 22:44:24.682 [info] > git rev-parse --show-toplevel [1ms]
2025-12-30 22:44:24.682 [info] fatal: not a git repository (or any parent up to mount point /)
Stopping at filesystem boundary (GIT_DISCOVERY_ACROSS_FILESYSTEM not set).
2025-12-30 22:44:24.682 [info] > git rev-parse --show-toplevel [0ms]
2025-12-30 22:44:24.682 [info] fatal: not a git repository (or any parent up to mount point /)
Stopping at filesystem boundary (GIT_DISCOVERY_ACROSS_FILESYSTEM not set).
2025-12-30 22:44:24.682 [info] > git rev-parse --show-toplevel [0ms]
2025-12-30 22:44:24.682 [info] fatal: not a git repository (or any parent up to mount point /)
Stopping at filesystem boundary (GIT_DISCOVERY_ACROSS_FILESYSTEM not set).
2025-12-30 22:44:24.682 [info] > git rev-parse --show-toplevel [1ms]
2025-12-30 22:44:24.682 [info] fatal: not a git repository (or any parent up to mount point /)
Stopping at filesystem boundary (GIT_DISCOVERY_ACROSS_FILESYSTEM not set).
2025-12-30 22:44:24.682 [info] > git rev-parse --show-toplevel [0ms]
2025-12-30 22:44:24.682 [info] fatal: not a git repository (or any parent up to mount point /)
Stopping at filesystem boundary (GIT_DISCOVERY_ACROSS_FILESYSTEM not set).
2025-12-30 22:44:24.682 [info] > git rev-parse --show-toplevel [1ms]
2025-12-30 22:44:24.682 [info] fatal: not a git repository (or any parent up to mount point /)
Stopping at filesystem boundary (GIT_DISCOVERY_ACROSS_FILESYSTEM not set).
2025-12-30 22:44:24.682 [info] > git rev-parse --show-toplevel [1ms]
2025-12-30 22:44:24.682 [info] fatal: not a git repository (or any parent up to mount point /)
Stopping at filesystem boundary (GIT_DISCOVERY_ACROSS_FILESYSTEM not set).
2025-12-30 22:44:24.682 [info] > git rev-parse --show-toplevel [16ms]
2025-12-30 22:44:24.682 [info] fatal: not a git repository (or any parent up to mount point /)
Stopping at filesystem boundary (GIT_DISCOVERY_ACROSS_FILESYSTEM not set).
2025-12-30 22:44:24.759 [info] > git rev-parse --show-toplevel [74ms]
2025-12-30 22:44:24.759 [info] fatal: not a git repository (or any parent up to mount point /)
Stopping at filesystem boundary (GIT_DISCOVERY_ACROSS_FILESYSTEM not set).
2025-12-30 22:44:24.795 [info] > git rev-parse --show-toplevel [1ms]
2025-12-30 22:44:24.795 [info] fatal: not a git repository (or any parent up to mount point /)
Stopping at filesystem boundary (GIT_DISCOVERY_ACROSS_FILESYSTEM not set).
2025-12-30 22:44:24.799 [info] > git rev-parse --show-toplevel [0ms]
2025-12-30 22:44:24.799 [info] fatal: not a git repository (or any parent up to mount point /)
Stopping at filesystem boundary (GIT_DISCOVERY_ACROSS_FILESYSTEM not set).
2025-12-30 22:44:24.801 [info] > git rev-parse --show-toplevel [0ms]
2025-12-30 22:44:24.801 [info] fatal: not a git repository (or any parent up to mount point /)
Stopping at filesystem boundary (GIT_DISCOVERY_ACROSS_FILESYSTEM not set).
2025-12-30 22:44:24.804 [info] > git rev-parse --show-toplevel [0ms]
2025-12-30 22:44:24.804 [info] fatal: not a git repository (or any parent up to mount point /)
Stopping at filesystem boundary (GIT_DISCOVERY_ACROSS_FILESYSTEM not set).
2025-12-30 22:44:24.807 [info] > git rev-parse --show-toplevel [1ms]
2025-12-30 22:44:24.812 [info] > git rev-parse --git-dir --git-common-dir --show-superproject-working-tree [2ms]
2025-12-30 22:44:24.818 [info] [Model][openRepository] Opened repository (path): /home/bator/.config/rofi
2025-12-30 22:44:24.818 [info] [Model][openRepository] Opened repository (real path): /home/bator/.config/rofi
2025-12-30 22:44:24.818 [info] [Model][openRepository] Opened repository (kind): repository
2025-12-30 22:44:24.825 [info] > git rev-parse --show-toplevel [1ms]
2025-12-30 22:44:24.825 [info] fatal: not a git repository (or any parent up to mount point /)
Stopping at filesystem boundary (GIT_DISCOVERY_ACROSS_FILESYSTEM not set).
2025-12-30 22:44:24.825 [info] > git config --get commit.template [3ms]
2025-12-30 22:44:24.832 [info] > git for-each-ref --format=%(refname)%00%(upstream:short)%00%(objectname)%00%(upstream:track)%00%(upstream:remotename)%00%(upstream:remoteref) refs/heads/main refs/remotes/main [2ms]
2025-12-30 22:44:24.832 [info] > git rev-parse --show-toplevel [4ms]
2025-12-30 22:44:24.832 [info] fatal: not a git repository (or any parent up to mount point /)
Stopping at filesystem boundary (GIT_DISCOVERY_ACROSS_FILESYSTEM not set).
2025-12-30 22:44:24.834 [warning] [Git][revParse] Unable to read file: ENOENT: no such file or directory, open '/home/bator/.config/rofi/.git/refs/remotes/origin/main'
2025-12-30 22:44:24.837 [info] > git rev-parse refs/remotes/origin/main [2ms]
2025-12-30 22:44:24.842 [info] > git status -z -uall [3ms]
2025-12-30 22:44:24.843 [info] > git rev-parse --show-toplevel [7ms]
2025-12-30 22:44:24.843 [info] fatal: not a git repository (or any parent up to mount point /)
Stopping at filesystem boundary (GIT_DISCOVERY_ACROSS_FILESYSTEM not set).
2025-12-30 22:44:24.845 [info] > git for-each-ref --sort -committerdate --format %(refname)%00%(objectname)%00%(*objectname) [3ms]
2025-12-30 22:44:24.856 [info] > git for-each-ref --format=%(refname)%00%(upstream:short)%00%(objectname)%00%(upstream:track)%00%(upstream:remotename)%00%(upstream:remoteref) refs/heads/main refs/remotes/main [4ms]
2025-12-30 22:44:24.858 [info] > git rev-parse --show-toplevel [13ms]
2025-12-30 22:44:24.858 [info] fatal: not a git repository (or any parent up to mount point /)
Stopping at filesystem boundary (GIT_DISCOVERY_ACROSS_FILESYSTEM not set).
2025-12-30 22:44:24.861 [info] > git config --get commit.template [6ms]
2025-12-30 22:44:24.862 [info] > git rev-parse --show-toplevel [1ms]
2025-12-30 22:44:24.862 [info] fatal: not a git repository (or any parent up to mount point /)
Stopping at filesystem boundary (GIT_DISCOVERY_ACROSS_FILESYSTEM not set).
2025-12-30 22:44:24.862 [info] > git config --get --local branch.main.vscode-merge-base [4ms]
2025-12-30 22:44:24.869 [info] > git for-each-ref --format=%(refname)%00%(upstream:short)%00%(objectname)%00%(upstream:track)%00%(upstream:remotename)%00%(upstream:remoteref) refs/heads/main refs/remotes/main [3ms]
2025-12-30 22:44:24.869 [info] > git for-each-ref --format=%(refname)%00%(upstream:short)%00%(objectname)%00%(upstream:track)%00%(upstream:remotename)%00%(upstream:remoteref) refs/heads/origin/main refs/remotes/origin/main [5ms]
2025-12-30 22:44:24.874 [warning] [Git][revParse] Unable to read file: ENOENT: no such file or directory, open '/home/bator/.config/rofi/.git/refs/remotes/origin/main'
2025-12-30 22:44:24.874 [info] > git rev-parse --show-toplevel [6ms]
2025-12-30 22:44:24.874 [info] fatal: not a git repository (or any parent up to mount point /)
Stopping at filesystem boundary (GIT_DISCOVERY_ACROSS_FILESYSTEM not set).
2025-12-30 22:44:24.876 [info] [Model][doInitialScan] Initial repository scan completed - repositories (1), closed repositories (0), parent repositories (0), unsafe repositories (0)
2025-12-30 22:44:24.877 [info] > git rev-parse refs/remotes/origin/main [3ms]
2025-12-30 22:44:24.881 [info] > git merge-base refs/heads/main refs/remotes/origin/main [9ms]
2025-12-30 22:44:24.884 [info] > git status -z -uall [5ms]
2025-12-30 22:44:24.884 [info] > git for-each-ref --sort -committerdate --format %(refname)%00%(objectname)%00%(*objectname) [3ms]
2025-12-30 22:44:24.888 [info] > git merge-base refs/heads/main refs/remotes/origin/main [1ms]
2025-12-30 22:44:24.891 [info] > git diff --name-status -z --diff-filter=ADMR --find-renames=50% c2cdf691e6ee5b52e765e31f10e116e357d47713...refs/remotes/origin/main -- [8ms]
2025-12-30 22:44:24.892 [info] > git diff --name-status -z --diff-filter=ADMR --find-renames=50% c2cdf691e6ee5b52e765e31f10e116e357d47713...refs/remotes/origin/main -- [1ms]
2025-12-30 22:44:25.337 [info] > git check-ignore -v -z --stdin [1ms]
2025-12-30 22:44:26.273 [info] > git rev-parse --show-toplevel [1ms]
2025-12-30 22:44:26.273 [info] fatal: not a git repository (or any parent up to mount point /)
Stopping at filesystem boundary (GIT_DISCOVERY_ACROSS_FILESYSTEM not set).
