2025-12-30 22:41:32.799 [info] Reading sessions from keychain...
2025-12-30 22:41:32.799 [info] Getting sessions for all scopes...
2025-12-30 22:41:32.825 [info] Got 0 sessions for ...
2025-12-30 22:41:32.825 [info] Getting sessions for all scopes...
2025-12-30 22:41:32.825 [info] Got 0 sessions for ...
2025-12-30 22:41:32.825 [info] Getting sessions for all scopes...
2025-12-30 22:41:32.825 [info] Got 0 sessions for ...
2025-12-30 22:41:32.825 [info] Getting sessions for all scopes...
2025-12-30 22:41:32.825 [info] Got 0 sessions for ...
2025-12-30 22:41:32.825 [info] Getting sessions for all scopes...
2025-12-30 22:41:32.825 [info] Got 0 sessions for ...
2025-12-30 22:41:32.826 [info] Getting sessions for all scopes...
2025-12-30 22:41:32.826 [info] Got 0 sessions for ...
2025-12-30 22:41:32.826 [info] Getting sessions for all scopes...
2025-12-30 22:41:32.826 [info] Got 0 sessions for ...
2025-12-30 22:41:32.826 [info] Getting sessions for all scopes...
2025-12-30 22:41:32.826 [info] Got 0 sessions for ...
2025-12-30 22:41:32.826 [info] Getting sessions for all scopes...
2025-12-30 22:41:32.826 [info] Got 0 sessions for ...
2025-12-30 22:41:32.829 [info] Getting sessions for all scopes...
2025-12-30 22:41:32.829 [info] Got 0 sessions for ...
2025-12-30 22:41:32.830 [info] Getting sessions for all scopes...
2025-12-30 22:41:32.830 [info] Got 0 sessions for ...
2025-12-30 22:41:32.830 [info] Getting sessions for all scopes...
2025-12-30 22:41:32.830 [info] Got 0 sessions for ...
2025-12-30 22:41:32.830 [info] Getting sessions for all scopes...
2025-12-30 22:41:32.830 [info] Got 0 sessions for ...
2025-12-30 22:41:32.830 [info] Getting sessions for all scopes...
2025-12-30 22:41:32.830 [info] Got 0 sessions for ...
2025-12-30 22:41:32.830 [info] Getting sessions for all scopes...
2025-12-30 22:41:32.830 [info] Got 0 sessions for ...
2025-12-30 22:41:33.180 [info] Getting sessions for read:user,repo,user:email,workflow...
2025-12-30 22:41:33.180 [info] Got 0 sessions for read:user,repo,user:email,workflow...
2025-12-30 22:41:34.764 [info] Getting sessions for all scopes...
2025-12-30 22:41:34.764 [info] Got 0 sessions for ...
