2025-12-31 10:29:43.374 [info] Extension host with pid 2841 started
2025-12-31 10:29:43.374 [info] Skipping acquiring lock for /home/bator/.config/Code/User/workspaceStorage/2707eb2833f2860ebf88b0e636ebe65e.
2025-12-31 10:29:43.382 [info] ExtensionService#_doActivateExtension vscode.github-authentication, startup: false, activationEvent: 'onAuthenticationRequest:github'
2025-12-31 10:29:43.496 [info] ExtensionService#_doActivateExtension vscode.emmet, startup: false, activationEvent: 'onLanguage'
2025-12-31 10:29:43.684 [info] ExtensionService#_doActivateExtension vscode.git-base, startup: true, activationEvent: '*', root cause: vscode.git
2025-12-31 10:29:43.719 [info] ExtensionService#_doActivateExtension vscode.git, startup: true, activationEvent: '*'
2025-12-31 10:29:43.898 [info] ExtensionService#_doActivateExtension vscode.github, startup: true, activationEvent: '*'
2025-12-31 10:29:44.005 [info] Eager extensions activated
2025-12-31 10:29:44.008 [info] ExtensionService#_doActivateExtension vscode.debug-auto-launch, startup: false, activationEvent: 'onStartupFinished'
2025-12-31 10:29:44.083 [info] ExtensionService#_doActivateExtension vscode.merge-conflict, startup: false, activationEvent: 'onStartupFinished'
2025-12-31 10:29:44.286 [info] ExtensionService#_doActivateExtension esbenp.prettier-vscode, startup: false, activationEvent: 'onStartupFinished'
2025-12-31 10:29:44.781 [info] ExtensionService#_doActivateExtension PKief.material-icon-theme, startup: false, activationEvent: 'onStartupFinished'
2025-12-31 10:29:49.733 [info] ExtensionService#_doActivateExtension vscode.configuration-editing, startup: false, activationEvent: 'onLanguage:json'
2025-12-31 10:29:49.816 [info] ExtensionService#_doActivateExtension vscode.extension-editing, startup: false, activationEvent: 'onLanguage:json'
2025-12-31 10:29:49.959 [info] ExtensionService#_doActivateExtension vscode.json-language-features, startup: false, activationEvent: 'onLanguage:json'
2025-12-31 10:29:50.227 [info] ExtensionService#_doActivateExtension vscode.npm, startup: false, activationEvent: 'onLanguage:json'
2025-12-31 10:30:00.319 [warning] [Decorations] CAPPING events from decorations provider vscode.git 312
2025-12-31 10:30:00.404 [warning] [Decorations] CAPPING events from decorations provider vscode.git 386
2025-12-31 10:30:10.566 [warning] [Decorations] CAPPING events from decorations provider vscode.git 387
2025-12-31 10:30:19.071 [warning] [Decorations] CAPPING events from decorations provider vscode.git 389
2025-12-31 10:32:48.730 [warning] [Decorations] CAPPING events from decorations provider vscode.git 388
2025-12-31 10:32:53.846 [warning] [Decorations] CAPPING events from decorations provider vscode.git 386
2025-12-31 10:32:58.482 [info] Extension host terminating: renderer closed the MessagePort
2025-12-31 10:32:58.505 [info] Extension host with pid 2841 exiting with code 0
