2025-12-31 10:53:53.297 [info] Extension host with pid 49076 started
2025-12-31 10:53:53.297 [info] Skipping acquiring lock for /home/bator/.config/Code/User/workspaceStorage/2f943d06febe6c1eaede79b3842e7ad3.
2025-12-31 10:53:53.422 [info] ExtensionService#_doActivateExtension vscode.github-authentication, startup: false, activationEvent: 'onAuthenticationRequest:github'
2025-12-31 10:53:53.442 [info] ExtensionService#_doActivateExtension vscode.emmet, startup: false, activationEvent: 'onLanguage'
2025-12-31 10:53:53.454 [info] ExtensionService#_doActivateExtension vscode.extension-editing, startup: false, activationEvent: 'onLanguage:markdown'
2025-12-31 10:53:53.463 [info] ExtensionService#_doActivateExtension vscode.markdown-language-features, startup: false, activationEvent: 'onLanguage:markdown'
2025-12-31 10:53:53.743 [info] ExtensionService#_doActivateExtension vscode.git-base, startup: true, activationEvent: '*', root cause: vscode.git
2025-12-31 10:53:53.750 [info] ExtensionService#_doActivateExtension vscode.git, startup: true, activationEvent: '*'
2025-12-31 10:53:53.786 [info] ExtensionService#_doActivateExtension vscode.github, startup: true, activationEvent: '*'
2025-12-31 10:53:53.889 [info] Eager extensions activated
2025-12-31 10:53:53.904 [info] ExtensionService#_doActivateExtension vscode.debug-auto-launch, startup: false, activationEvent: 'onStartupFinished'
2025-12-31 10:53:53.906 [info] ExtensionService#_doActivateExtension vscode.merge-conflict, startup: false, activationEvent: 'onStartupFinished'
2025-12-31 10:53:53.919 [info] ExtensionService#_doActivateExtension esbenp.prettier-vscode, startup: false, activationEvent: 'onStartupFinished'
2025-12-31 10:53:53.971 [info] ExtensionService#_doActivateExtension PKief.material-icon-theme, startup: false, activationEvent: 'onStartupFinished'
2025-12-31 10:53:54.296 [info] ExtensionService#_doActivateExtension vscode.configuration-editing, startup: false, activationEvent: 'onLanguage:json'
2025-12-31 10:53:54.301 [info] ExtensionService#_doActivateExtension vscode.json-language-features, startup: false, activationEvent: 'onLanguage:json'
2025-12-31 10:53:54.339 [info] ExtensionService#_doActivateExtension vscode.npm, startup: false, activationEvent: 'onLanguage:json'
2025-12-31 10:54:59.425 [warning] [Decorations] CAPPING events from decorations provider vscode.git 7814
2025-12-31 10:54:59.997 [warning] [Decorations] CAPPING events from decorations provider vscode.git 7814
2025-12-31 10:55:01.933 [warning] [Decorations] CAPPING events from decorations provider vscode.git 7814
2025-12-31 10:55:07.048 [warning] [Decorations] CAPPING events from decorations provider vscode.git 7814
2025-12-31 10:55:12.162 [warning] [Decorations] CAPPING events from decorations provider vscode.git 7814
2025-12-31 10:55:17.305 [warning] [Decorations] CAPPING events from decorations provider vscode.git 7814
2025-12-31 10:55:22.440 [warning] [Decorations] CAPPING events from decorations provider vscode.git 7814
2025-12-31 10:55:27.563 [warning] [Decorations] CAPPING events from decorations provider vscode.git 7814
2025-12-31 10:55:32.685 [warning] [Decorations] CAPPING events from decorations provider vscode.git 7814
2025-12-31 10:55:37.805 [warning] [Decorations] CAPPING events from decorations provider vscode.git 7814
2025-12-31 10:55:42.936 [warning] [Decorations] CAPPING events from decorations provider vscode.git 7814
2025-12-31 10:55:48.087 [warning] [Decorations] CAPPING events from decorations provider vscode.git 7814
2025-12-31 10:55:53.210 [warning] [Decorations] CAPPING events from decorations provider vscode.git 7817
2025-12-31 10:56:42.469 [info] Extension host terminating: renderer closed the MessagePort
2025-12-31 10:56:42.497 [info] Extension host with pid 49076 exiting with code 0
