2025-12-30 22:40:45.229 [info] Reading sessions from keychain...
2025-12-30 22:40:45.229 [info] Getting sessions for all scopes...
2025-12-30 22:40:45.229 [info] Got 0 sessions for ...
2025-12-30 22:40:45.229 [info] Getting sessions for all scopes...
2025-12-30 22:40:45.229 [info] Got 0 sessions for ...
2025-12-30 22:40:45.229 [info] Getting sessions for all scopes...
2025-12-30 22:40:45.229 [info] Got 0 sessions for ...
2025-12-30 22:40:45.229 [info] Getting sessions for all scopes...
2025-12-30 22:40:45.229 [info] Got 0 sessions for ...
2025-12-30 22:40:45.229 [info] Getting sessions for all scopes...
2025-12-30 22:40:45.229 [info] Got 0 sessions for ...
2025-12-30 22:40:45.229 [info] Getting sessions for all scopes...
2025-12-30 22:40:45.229 [info] Got 0 sessions for ...
2025-12-30 22:40:45.229 [info] Getting sessions for all scopes...
2025-12-30 22:40:45.229 [info] Got 0 sessions for ...
2025-12-30 22:40:45.229 [info] Getting sessions for all scopes...
2025-12-30 22:40:45.229 [info] Got 0 sessions for ...
2025-12-30 22:40:45.229 [info] Getting sessions for all scopes...
2025-12-30 22:40:45.229 [info] Got 0 sessions for ...
2025-12-30 22:40:45.229 [info] Getting sessions for all scopes...
2025-12-30 22:40:45.229 [info] Got 0 sessions for ...
2025-12-30 22:40:45.229 [info] Getting sessions for all scopes...
2025-12-30 22:40:45.229 [info] Got 0 sessions for ...
2025-12-30 22:40:45.229 [info] Getting sessions for all scopes...
2025-12-30 22:40:45.229 [info] Got 0 sessions for ...
2025-12-30 22:40:45.229 [info] Getting sessions for all scopes...
2025-12-30 22:40:45.229 [info] Got 0 sessions for ...
2025-12-30 22:40:45.284 [info] Getting sessions for all scopes...
2025-12-30 22:40:45.284 [info] Got 0 sessions for ...
2025-12-30 22:40:45.286 [info] Getting sessions for all scopes...
2025-12-30 22:40:45.286 [info] Got 0 sessions for ...
2025-12-30 22:40:45.610 [info] Getting sessions for read:user,repo,user:email,workflow...
2025-12-30 22:40:45.610 [info] Got 0 sessions for read:user,repo,user:email,workflow...
