2025-12-30 22:44:24.471 [info] Reading sessions from keychain...
2025-12-30 22:44:24.471 [info] Getting sessions for all scopes...
2025-12-30 22:44:24.504 [info] Got 0 sessions for ...
2025-12-30 22:44:24.504 [info] Getting sessions for all scopes...
2025-12-30 22:44:24.504 [info] Got 0 sessions for ...
2025-12-30 22:44:24.504 [info] Getting sessions for all scopes...
2025-12-30 22:44:24.504 [info] Got 0 sessions for ...
2025-12-30 22:44:24.504 [info] Getting sessions for all scopes...
2025-12-30 22:44:24.504 [info] Got 0 sessions for ...
2025-12-30 22:44:24.504 [info] Getting sessions for all scopes...
2025-12-30 22:44:24.504 [info] Got 0 sessions for ...
2025-12-30 22:44:24.504 [info] Getting sessions for all scopes...
2025-12-30 22:44:24.504 [info] Got 0 sessions for ...
2025-12-30 22:44:24.504 [info] Getting sessions for all scopes...
2025-12-30 22:44:24.504 [info] Got 0 sessions for ...
2025-12-30 22:44:24.504 [info] Getting sessions for all scopes...
2025-12-30 22:44:24.504 [info] Got 0 sessions for ...
2025-12-30 22:44:24.504 [info] Getting sessions for all scopes...
2025-12-30 22:44:24.504 [info] Got 0 sessions for ...
2025-12-30 22:44:24.541 [info] Getting sessions for all scopes...
2025-12-30 22:44:24.541 [info] Got 0 sessions for ...
2025-12-30 22:44:24.542 [info] Getting sessions for all scopes...
2025-12-30 22:44:24.542 [info] Got 0 sessions for ...
2025-12-30 22:44:24.542 [info] Getting sessions for all scopes...
2025-12-30 22:44:24.542 [info] Got 0 sessions for ...
2025-12-30 22:44:24.542 [info] Getting sessions for all scopes...
2025-12-30 22:44:24.542 [info] Got 0 sessions for ...
2025-12-30 22:44:24.542 [info] Getting sessions for all scopes...
2025-12-30 22:44:24.542 [info] Got 0 sessions for ...
2025-12-30 22:44:24.542 [info] Getting sessions for all scopes...
2025-12-30 22:44:24.542 [info] Got 0 sessions for ...
2025-12-30 22:44:24.864 [info] Getting sessions for read:user,repo,user:email,workflow...
2025-12-30 22:44:24.864 [info] Got 0 sessions for read:user,repo,user:email,workflow...
2025-12-30 22:44:26.286 [info] Getting sessions for all scopes...
2025-12-30 22:44:26.286 [info] Got 0 sessions for ...
