2025-12-30 22:46:27.500 [info] Reading sessions from keychain...
2025-12-30 22:46:27.500 [info] Getting sessions for all scopes...
2025-12-30 22:46:27.500 [info] Got 0 sessions for ...
2025-12-30 22:46:27.500 [info] Getting sessions for all scopes...
2025-12-30 22:46:27.500 [info] Got 0 sessions for ...
2025-12-30 22:46:27.500 [info] Getting sessions for all scopes...
2025-12-30 22:46:27.500 [info] Got 0 sessions for ...
2025-12-30 22:46:27.500 [info] Getting sessions for all scopes...
2025-12-30 22:46:27.500 [info] Got 0 sessions for ...
2025-12-30 22:46:27.500 [info] Getting sessions for all scopes...
2025-12-30 22:46:27.500 [info] Got 0 sessions for ...
2025-12-30 22:46:27.500 [info] Getting sessions for all scopes...
2025-12-30 22:46:27.500 [info] Got 0 sessions for ...
2025-12-30 22:46:27.500 [info] Getting sessions for all scopes...
2025-12-30 22:46:27.500 [info] Got 0 sessions for ...
2025-12-30 22:46:27.500 [info] Getting sessions for all scopes...
2025-12-30 22:46:27.500 [info] Got 0 sessions for ...
2025-12-30 22:46:27.500 [info] Getting sessions for all scopes...
2025-12-30 22:46:27.500 [info] Got 0 sessions for ...
2025-12-30 22:46:27.501 [info] Getting sessions for all scopes...
2025-12-30 22:46:27.501 [info] Got 0 sessions for ...
2025-12-30 22:46:27.505 [info] Getting sessions for all scopes...
2025-12-30 22:46:27.506 [info] Got 0 sessions for ...
2025-12-30 22:46:27.506 [info] Getting sessions for all scopes...
2025-12-30 22:46:27.506 [info] Got 0 sessions for ...
2025-12-30 22:46:27.506 [info] Getting sessions for all scopes...
2025-12-30 22:46:27.506 [info] Got 0 sessions for ...
2025-12-30 22:46:27.506 [info] Getting sessions for all scopes...
2025-12-30 22:46:27.506 [info] Got 0 sessions for ...
2025-12-30 22:46:27.506 [info] Getting sessions for all scopes...
2025-12-30 22:46:27.506 [info] Got 0 sessions for ...
2025-12-30 22:46:27.506 [info] Getting sessions for all scopes...
2025-12-30 22:46:27.506 [info] Got 0 sessions for ...
2025-12-30 22:46:27.847 [info] Getting sessions for read:user,repo,user:email,workflow...
2025-12-30 22:46:27.847 [info] Got 0 sessions for read:user,repo,user:email,workflow...
2025-12-30 22:46:29.486 [info] Getting sessions for all scopes...
2025-12-30 22:46:29.486 [info] Got 0 sessions for ...
