2025-12-31 00:57:22.567 [info] [main] Log level: Info
2025-12-31 00:57:22.567 [info] [main] Validating found git in: "git"
2025-12-31 00:57:22.567 [info] [main] Using git "2.52.0" from "git"
2025-12-31 00:57:22.567 [info] [Model][doInitialScan] Initial repository scan started
2025-12-31 00:57:22.567 [info] [Model][doInitialScan] Initial repository scan completed - repositories (0), closed repositories (0), parent repositories (0), unsafe repositories (0)
2025-12-31 00:57:32.167 [info] [main] Log level: Info
2025-12-31 00:57:32.167 [info] [main] Validating found git in: "git"
2025-12-31 00:57:32.167 [info] [main] Using git "2.52.0" from "git"
2025-12-31 00:57:32.167 [info] [Model][doInitialScan] Initial repository scan started
2025-12-31 00:57:32.167 [info] > git rev-parse --show-toplevel [4ms]
2025-12-31 00:57:32.167 [info] fatal: not a git repository (or any parent up to mount point /)
Stopping at filesystem boundary (GIT_DISCOVERY_ACROSS_FILESYSTEM not set).
2025-12-31 00:57:32.167 [info] [Model][doInitialScan] Initial repository scan completed - repositories (0), closed repositories (0), parent repositories (0), unsafe repositories (0)
2025-12-31 00:57:32.168 [info] > git rev-parse --show-toplevel [2ms]
2025-12-31 00:57:32.168 [info] fatal: not a git repository (or any parent up to mount point /)
Stopping at filesystem boundary (GIT_DISCOVERY_ACROSS_FILESYSTEM not set).
2025-12-31 00:57:33.716 [info] > git rev-parse --show-toplevel [1ms]
2025-12-31 00:57:33.716 [info] fatal: not a git repository (or any parent up to mount point /)
Stopping at filesystem boundary (GIT_DISCOVERY_ACROSS_FILESYSTEM not set).
2025-12-31 00:57:34.104 [info] > git rev-parse --show-toplevel [1ms]
2025-12-31 00:57:34.104 [info] fatal: not a git repository (or any parent up to mount point /)
Stopping at filesystem boundary (GIT_DISCOVERY_ACROSS_FILESYSTEM not set).
2025-12-31 00:59:23.406 [info] > git rev-parse --show-toplevel [0ms]
2025-12-31 00:59:23.406 [info] fatal: not a git repository (or any parent up to mount point /)
Stopping at filesystem boundary (GIT_DISCOVERY_ACROSS_FILESYSTEM not set).
