2025-12-31 11:00:33.543 [info] Reading sessions from keychain...
2025-12-31 11:00:33.543 [info] Getting sessions for all scopes...
2025-12-31 11:00:33.543 [info] Got 0 sessions for ...
2025-12-31 11:00:33.543 [info] Getting sessions for all scopes...
2025-12-31 11:00:33.543 [info] Got 0 sessions for ...
2025-12-31 11:00:33.543 [info] Getting sessions for all scopes...
2025-12-31 11:00:33.543 [info] Got 0 sessions for ...
2025-12-31 11:00:33.543 [info] Getting sessions for all scopes...
2025-12-31 11:00:33.543 [info] Got 0 sessions for ...
2025-12-31 11:00:33.543 [info] Getting sessions for all scopes...
2025-12-31 11:00:33.543 [info] Got 0 sessions for ...
2025-12-31 11:00:33.543 [info] Getting sessions for all scopes...
2025-12-31 11:00:33.543 [info] Got 0 sessions for ...
2025-12-31 11:00:33.543 [info] Getting sessions for all scopes...
2025-12-31 11:00:33.543 [info] Got 0 sessions for ...
2025-12-31 11:00:33.543 [info] Getting sessions for all scopes...
2025-12-31 11:00:33.543 [info] Got 0 sessions for ...
2025-12-31 11:00:33.543 [info] Getting sessions for all scopes...
2025-12-31 11:00:33.543 [info] Got 0 sessions for ...
2025-12-31 11:00:33.543 [info] Getting sessions for all scopes...
2025-12-31 11:00:33.543 [info] Got 0 sessions for ...
2025-12-31 11:00:33.543 [info] Getting sessions for all scopes...
2025-12-31 11:00:33.543 [info] Got 0 sessions for ...
2025-12-31 11:00:33.543 [info] Getting sessions for all scopes...
2025-12-31 11:00:33.543 [info] Got 0 sessions for ...
2025-12-31 11:00:33.543 [info] Getting sessions for all scopes...
2025-12-31 11:00:33.543 [info] Got 0 sessions for ...
2025-12-31 11:00:33.543 [info] Getting sessions for all scopes...
2025-12-31 11:00:33.543 [info] Got 0 sessions for ...
2025-12-31 11:00:33.543 [info] Getting sessions for all scopes...
2025-12-31 11:00:33.543 [info] Got 0 sessions for ...
2025-12-31 11:00:33.543 [info] Getting sessions for all scopes...
2025-12-31 11:00:33.543 [info] Got 0 sessions for ...
2025-12-31 11:00:35.982 [info] Getting sessions for read:user,repo,user:email,workflow...
2025-12-31 11:00:35.982 [info] Got 0 sessions for read:user,repo,user:email,workflow...
2025-12-31 11:00:36.050 [info] Getting sessions for read:user,repo,user:email,workflow...
2025-12-31 11:00:36.050 [info] Got 0 sessions for read:user,repo,user:email,workflow...
