2025-12-30 22:46:27.642 [info] [main] Log level: Info
2025-12-30 22:46:27.642 [info] [main] Validating found git in: "git"
2025-12-30 22:46:27.642 [info] [main] Using git "2.52.0" from "git"
2025-12-30 22:46:27.642 [info] [Model][doInitialScan] Initial repository scan started
2025-12-30 22:46:27.642 [info] > git rev-parse --show-toplevel [4ms]
2025-12-30 22:46:27.642 [info] fatal: not a git repository (or any parent up to mount point /)
Stopping at filesystem boundary (GIT_DISCOVERY_ACROSS_FILESYSTEM not set).
2025-12-30 22:46:27.642 [info] > git rev-parse --show-toplevel [1ms]
2025-12-30 22:46:27.642 [info] fatal: not a git repository (or any parent up to mount point /)
Stopping at filesystem boundary (GIT_DISCOVERY_ACROSS_FILESYSTEM not set).
2025-12-30 22:46:27.642 [info] > git rev-parse --show-toplevel [1ms]
2025-12-30 22:46:27.642 [info] fatal: not a git repository (or any parent up to mount point /)
Stopping at filesystem boundary (GIT_DISCOVERY_ACROSS_FILESYSTEM not set).
2025-12-30 22:46:27.642 [info] > git rev-parse --show-toplevel [1ms]
2025-12-30 22:46:27.642 [info] fatal: not a git repository (or any parent up to mount point /)
Stopping at filesystem boundary (GIT_DISCOVERY_ACROSS_FILESYSTEM not set).
2025-12-30 22:46:27.642 [info] > git rev-parse --show-toplevel [0ms]
2025-12-30 22:46:27.642 [info] fatal: not a git repository (or any parent up to mount point /)
Stopping at filesystem boundary (GIT_DISCOVERY_ACROSS_FILESYSTEM not set).
2025-12-30 22:46:27.642 [info] > git rev-parse --show-toplevel [1ms]
2025-12-30 22:46:27.642 [info] fatal: not a git repository (or any parent up to mount point /)
Stopping at filesystem boundary (GIT_DISCOVERY_ACROSS_FILESYSTEM not set).
2025-12-30 22:46:27.642 [info] > git rev-parse --show-toplevel [1ms]
2025-12-30 22:46:27.642 [info] fatal: not a git repository (or any parent up to mount point /)
Stopping at filesystem boundary (GIT_DISCOVERY_ACROSS_FILESYSTEM not set).
2025-12-30 22:46:27.642 [info] > git rev-parse --show-toplevel [1ms]
2025-12-30 22:46:27.642 [info] fatal: not a git repository (or any parent up to mount point /)
Stopping at filesystem boundary (GIT_DISCOVERY_ACROSS_FILESYSTEM not set).
2025-12-30 22:46:27.642 [info] > git rev-parse --show-toplevel [2ms]
2025-12-30 22:46:27.642 [info] fatal: not a git repository (or any parent up to mount point /)
Stopping at filesystem boundary (GIT_DISCOVERY_ACROSS_FILESYSTEM not set).
2025-12-30 22:46:27.642 [info] > git rev-parse --show-toplevel [1ms]
2025-12-30 22:46:27.642 [info] fatal: not a git repository (or any parent up to mount point /)
Stopping at filesystem boundary (GIT_DISCOVERY_ACROSS_FILESYSTEM not set).
2025-12-30 22:46:27.642 [info] > git rev-parse --show-toplevel [1ms]
2025-12-30 22:46:27.642 [info] fatal: not a git repository (or any parent up to mount point /)
Stopping at filesystem boundary (GIT_DISCOVERY_ACROSS_FILESYSTEM not set).
2025-12-30 22:46:27.642 [info] > git rev-parse --show-toplevel [0ms]
2025-12-30 22:46:27.642 [info] fatal: not a git repository (or any parent up to mount point /)
Stopping at filesystem boundary (GIT_DISCOVERY_ACROSS_FILESYSTEM not set).
2025-12-30 22:46:27.642 [info] > git rev-parse --show-toplevel [1ms]
2025-12-30 22:46:27.642 [info] fatal: not a git repository (or any parent up to mount point /)
Stopping at filesystem boundary (GIT_DISCOVERY_ACROSS_FILESYSTEM not set).
2025-12-30 22:46:27.642 [info] > git rev-parse --show-toplevel [1ms]
2025-12-30 22:46:27.642 [info] fatal: not a git repository (or any parent up to mount point /)
Stopping at filesystem boundary (GIT_DISCOVERY_ACROSS_FILESYSTEM not set).
2025-12-30 22:46:27.642 [info] > git rev-parse --show-toplevel [0ms]
2025-12-30 22:46:27.642 [info] fatal: not a git repository (or any parent up to mount point /)
Stopping at filesystem boundary (GIT_DISCOVERY_ACROSS_FILESYSTEM not set).
2025-12-30 22:46:27.642 [info] > git rev-parse --show-toplevel [1ms]
2025-12-30 22:46:27.642 [info] fatal: not a git repository (or any parent up to mount point /)
Stopping at filesystem boundary (GIT_DISCOVERY_ACROSS_FILESYSTEM not set).
2025-12-30 22:46:27.642 [info] > git rev-parse --show-toplevel [1ms]
2025-12-30 22:46:27.642 [info] fatal: not a git repository (or any parent up to mount point /)
Stopping at filesystem boundary (GIT_DISCOVERY_ACROSS_FILESYSTEM not set).
2025-12-30 22:46:27.661 [info] > git rev-parse --show-toplevel [17ms]
2025-12-30 22:46:27.661 [info] fatal: not a git repository (or any parent up to mount point /)
Stopping at filesystem boundary (GIT_DISCOVERY_ACROSS_FILESYSTEM not set).
2025-12-30 22:46:27.664 [info] > git rev-parse --show-toplevel [0ms]
2025-12-30 22:46:27.664 [info] fatal: not a git repository (or any parent up to mount point /)
Stopping at filesystem boundary (GIT_DISCOVERY_ACROSS_FILESYSTEM not set).
2025-12-30 22:46:27.667 [info] > git rev-parse --show-toplevel [1ms]
2025-12-30 22:46:27.667 [info] fatal: not a git repository (or any parent up to mount point /)
Stopping at filesystem boundary (GIT_DISCOVERY_ACROSS_FILESYSTEM not set).
2025-12-30 22:46:27.670 [info] > git rev-parse --show-toplevel [1ms]
2025-12-30 22:46:27.670 [info] fatal: not a git repository (or any parent up to mount point /)
Stopping at filesystem boundary (GIT_DISCOVERY_ACROSS_FILESYSTEM not set).
2025-12-30 22:46:27.672 [info] > git rev-parse --show-toplevel [1ms]
2025-12-30 22:46:27.672 [info] fatal: not a git repository (or any parent up to mount point /)
Stopping at filesystem boundary (GIT_DISCOVERY_ACROSS_FILESYSTEM not set).
2025-12-30 22:46:27.675 [info] > git rev-parse --show-toplevel [1ms]
2025-12-30 22:46:27.786 [info] > git rev-parse --git-dir --git-common-dir --show-superproject-working-tree [31ms]
2025-12-30 22:46:27.793 [info] [Model][openRepository] Opened repository (path): /home/bator/.config/rofi
2025-12-30 22:46:27.793 [info] [Model][openRepository] Opened repository (real path): /home/bator/.config/rofi
2025-12-30 22:46:27.793 [info] [Model][openRepository] Opened repository (kind): repository
2025-12-30 22:46:27.804 [info] > git rev-parse --show-toplevel [2ms]
2025-12-30 22:46:27.804 [info] fatal: not a git repository (or any parent up to mount point /)
Stopping at filesystem boundary (GIT_DISCOVERY_ACROSS_FILESYSTEM not set).
2025-12-30 22:46:27.804 [info] > git config --get commit.template [3ms]
2025-12-30 22:46:27.810 [info] > git for-each-ref --format=%(refname)%00%(upstream:short)%00%(objectname)%00%(upstream:track)%00%(upstream:remotename)%00%(upstream:remoteref) refs/heads/main refs/remotes/main [1ms]
2025-12-30 22:46:27.810 [info] > git rev-parse --show-toplevel [3ms]
2025-12-30 22:46:27.810 [info] fatal: not a git repository (or any parent up to mount point /)
Stopping at filesystem boundary (GIT_DISCOVERY_ACROSS_FILESYSTEM not set).
2025-12-30 22:46:27.812 [warning] [Git][revParse] Unable to read file: ENOENT: no such file or directory, open '/home/bator/.config/rofi/.git/refs/remotes/origin/main'
2025-12-30 22:46:27.815 [info] > git rev-parse refs/remotes/origin/main [3ms]
2025-12-30 22:46:27.821 [info] > git status -z -uall [4ms]
2025-12-30 22:46:27.821 [info] > git rev-parse --show-toplevel [7ms]
2025-12-30 22:46:27.821 [info] fatal: not a git repository (or any parent up to mount point /)
Stopping at filesystem boundary (GIT_DISCOVERY_ACROSS_FILESYSTEM not set).
2025-12-30 22:46:27.825 [info] > git for-each-ref --sort -committerdate --format %(refname)%00%(objectname)%00%(*objectname) [5ms]
2025-12-30 22:46:27.835 [info] > git for-each-ref --format=%(refname)%00%(upstream:short)%00%(objectname)%00%(upstream:track)%00%(upstream:remotename)%00%(upstream:remoteref) refs/heads/main refs/remotes/main [4ms]
2025-12-30 22:46:27.837 [info] > git rev-parse --show-toplevel [12ms]
2025-12-30 22:46:27.837 [info] fatal: not a git repository (or any parent up to mount point /)
Stopping at filesystem boundary (GIT_DISCOVERY_ACROSS_FILESYSTEM not set).
2025-12-30 22:46:27.839 [info] > git config --get --local branch.main.vscode-merge-base [2ms]
2025-12-30 22:46:27.842 [info] > git config --get commit.template [7ms]
2025-12-30 22:46:27.843 [info] > git for-each-ref --format=%(refname)%00%(upstream:short)%00%(objectname)%00%(upstream:track)%00%(upstream:remotename)%00%(upstream:remoteref) refs/heads/origin/main refs/remotes/origin/main [1ms]
2025-12-30 22:46:27.847 [info] > git rev-parse --show-toplevel [8ms]
2025-12-30 22:46:27.847 [info] fatal: not a git repository (or any parent up to mount point /)
Stopping at filesystem boundary (GIT_DISCOVERY_ACROSS_FILESYSTEM not set).
2025-12-30 22:46:27.851 [info] > git for-each-ref --format=%(refname)%00%(upstream:short)%00%(objectname)%00%(upstream:track)%00%(upstream:remotename)%00%(upstream:remoteref) refs/heads/main refs/remotes/main [2ms]
2025-12-30 22:46:27.851 [info] > git merge-base refs/heads/main refs/remotes/origin/main [5ms]
2025-12-30 22:46:27.855 [warning] [Git][revParse] Unable to read file: ENOENT: no such file or directory, open '/home/bator/.config/rofi/.git/refs/remotes/origin/main'
2025-12-30 22:46:27.856 [info] > git rev-parse --show-toplevel [5ms]
2025-12-30 22:46:27.856 [info] fatal: not a git repository (or any parent up to mount point /)
Stopping at filesystem boundary (GIT_DISCOVERY_ACROSS_FILESYSTEM not set).
2025-12-30 22:46:27.858 [info] [Model][doInitialScan] Initial repository scan completed - repositories (1), closed repositories (0), parent repositories (0), unsafe repositories (0)
2025-12-30 22:46:27.860 [info] > git rev-parse refs/remotes/origin/main [5ms]
2025-12-30 22:46:27.864 [info] > git diff --name-status -z --diff-filter=ADMR --find-renames=50% c2cdf691e6ee5b52e765e31f10e116e357d47713...refs/remotes/origin/main -- [11ms]
2025-12-30 22:46:27.864 [info] > git status -z -uall [2ms]
2025-12-30 22:46:27.865 [info] > git rev-parse --show-toplevel [5ms]
2025-12-30 22:46:27.865 [info] fatal: not a git repository (or any parent up to mount point /)
Stopping at filesystem boundary (GIT_DISCOVERY_ACROSS_FILESYSTEM not set).
2025-12-30 22:46:27.865 [info] > git for-each-ref --sort -committerdate --format %(refname)%00%(objectname)%00%(*objectname) [1ms]
2025-12-30 22:46:28.326 [info] > git check-ignore -v -z --stdin [0ms]
2025-12-30 22:46:29.473 [info] > git rev-parse --show-toplevel [1ms]
2025-12-30 22:46:29.473 [info] fatal: not a git repository (or any parent up to mount point /)
Stopping at filesystem boundary (GIT_DISCOVERY_ACROSS_FILESYSTEM not set).
2025-12-30 22:46:32.093 [info] > git rev-parse --show-toplevel [1ms]
2025-12-30 22:46:32.093 [info] fatal: not a git repository (or any parent up to mount point /)
Stopping at filesystem boundary (GIT_DISCOVERY_ACROSS_FILESYSTEM not set).
