2025-12-31 03:16:06.353 [info] Reading sessions from keychain...
2025-12-31 03:16:06.353 [info] Getting sessions for all scopes...
2025-12-31 03:16:06.353 [info] Got 0 sessions for ...
2025-12-31 03:16:06.353 [info] Getting sessions for all scopes...
2025-12-31 03:16:06.353 [info] Got 0 sessions for ...
2025-12-31 03:16:06.353 [info] Getting sessions for all scopes...
2025-12-31 03:16:06.353 [info] Got 0 sessions for ...
2025-12-31 03:16:06.353 [info] Getting sessions for all scopes...
2025-12-31 03:16:06.353 [info] Got 0 sessions for ...
2025-12-31 03:16:06.353 [info] Getting sessions for all scopes...
2025-12-31 03:16:06.353 [info] Got 0 sessions for ...
2025-12-31 03:16:06.353 [info] Getting sessions for all scopes...
2025-12-31 03:16:06.353 [info] Got 0 sessions for ...
2025-12-31 03:16:06.353 [info] Getting sessions for all scopes...
2025-12-31 03:16:06.353 [info] Got 0 sessions for ...
2025-12-31 03:16:06.353 [info] Getting sessions for all scopes...
2025-12-31 03:16:06.353 [info] Got 0 sessions for ...
2025-12-31 03:16:06.353 [info] Getting sessions for all scopes...
2025-12-31 03:16:06.353 [info] Got 0 sessions for ...
2025-12-31 03:16:06.353 [info] Getting sessions for all scopes...
2025-12-31 03:16:06.353 [info] Got 0 sessions for ...
2025-12-31 03:16:06.353 [info] Getting sessions for all scopes...
2025-12-31 03:16:06.353 [info] Got 0 sessions for ...
2025-12-31 03:16:06.353 [info] Getting sessions for all scopes...
2025-12-31 03:16:06.353 [info] Got 0 sessions for ...
2025-12-31 03:16:06.353 [info] Getting sessions for all scopes...
2025-12-31 03:16:06.353 [info] Got 0 sessions for ...
2025-12-31 03:16:06.353 [info] Getting sessions for all scopes...
2025-12-31 03:16:06.353 [info] Got 0 sessions for ...
2025-12-31 03:16:06.353 [info] Getting sessions for all scopes...
2025-12-31 03:16:06.353 [info] Got 0 sessions for ...
2025-12-31 03:16:06.858 [info] Getting sessions for read:user,repo,user:email,workflow...
2025-12-31 03:16:06.858 [info] Got 0 sessions for read:user,repo,user:email,workflow...
2025-12-31 03:16:08.289 [info] Getting sessions for all scopes...
2025-12-31 03:16:08.289 [info] Got 0 sessions for ...
