2025-12-31 03:16:06.506 [info] [main] Log level: Info
2025-12-31 03:16:06.506 [info] [main] Validating found git in: "git"
2025-12-31 03:16:06.506 [info] [main] Using git "2.52.0" from "git"
2025-12-31 03:16:06.506 [info] [Model][doInitialScan] Initial repository scan started
2025-12-31 03:16:06.506 [info] > git rev-parse --show-toplevel [1ms]
2025-12-31 03:16:06.506 [info] > git rev-parse --git-dir --git-common-dir --show-superproject-working-tree [1ms]
2025-12-31 03:16:06.506 [info] [Model][openRepository] Opened repository (path): /home/bator/.config
2025-12-31 03:16:06.506 [info] [Model][openRepository] Opened repository (real path): /home/bator/.config
2025-12-31 03:16:06.506 [info] [Model][openRepository] Opened repository (kind): repository
2025-12-31 03:16:06.506 [info] > git rev-parse --show-toplevel [3ms]
2025-12-31 03:16:06.506 [info] > git config --get commit.template [5ms]
2025-12-31 03:16:06.506 [info] > git for-each-ref --format=%(refname)%00%(upstream:short)%00%(objectname)%00%(upstream:track)%00%(upstream:remotename)%00%(upstream:remoteref) refs/heads/main refs/remotes/main [5ms]
2025-12-31 03:16:06.506 [info] > git rev-parse --show-toplevel [2ms]
2025-12-31 03:16:06.506 [info] > git rev-parse --show-toplevel [6ms]
2025-12-31 03:16:06.506 [info] > git for-each-ref --sort -committerdate --format %(refname)%00%(objectname)%00%(*objectname) [3ms]
2025-12-31 03:16:06.506 [info] > git rev-parse --show-toplevel [2ms]
2025-12-31 03:16:06.506 [info] > git rev-parse --show-toplevel [19ms]
2025-12-31 03:16:06.509 [info] > git rev-parse --show-toplevel [1ms]
2025-12-31 03:16:06.512 [info] > git rev-parse --show-toplevel [1ms]
2025-12-31 03:16:06.597 [info] > git status -z -uall [125ms]
2025-12-31 03:16:06.620 [info] > git rev-parse --show-toplevel [106ms]
2025-12-31 03:16:06.713 [info] > git for-each-ref --format=%(refname)%00%(upstream:short)%00%(objectname)%00%(upstream:track)%00%(upstream:remotename)%00%(upstream:remoteref) refs/heads/main refs/remotes/main [94ms]
2025-12-31 03:16:06.722 [info] > git config --get --local branch.main.vscode-merge-base [6ms]
2025-12-31 03:16:06.722 [warning] [Git][config] git config failed: Failed to execute git
2025-12-31 03:16:06.725 [info] > git rev-parse --show-toplevel [13ms]
2025-12-31 03:16:06.725 [info] > git config --get commit.template [15ms]
2025-12-31 03:16:06.731 [info] > git reflog main --grep-reflog=branch: Created from *. [6ms]
2025-12-31 03:16:06.734 [info] > git for-each-ref --format=%(refname)%00%(upstream:short)%00%(objectname)%00%(upstream:track)%00%(upstream:remotename)%00%(upstream:remoteref) refs/heads/main refs/remotes/main [4ms]
2025-12-31 03:16:06.734 [info] > git rev-parse --show-toplevel [6ms]
2025-12-31 03:16:06.736 [info] > git symbolic-ref --short refs/remotes/origin/HEAD [3ms]
2025-12-31 03:16:06.736 [info] fatal: ref refs/remotes/origin/HEAD is not a symbolic ref
2025-12-31 03:16:06.736 [warning] [Repository][getDefaultBranch] Failed to get default branch details: Failed to execute git.
2025-12-31 03:16:06.739 [info] > git rev-parse --show-toplevel [3ms]
2025-12-31 03:16:06.747 [info] > git merge-base refs/heads/main refs/remotes/origin/main [8ms]
2025-12-31 03:16:06.750 [info] > git for-each-ref --sort -committerdate --format %(refname)%00%(objectname)%00%(*objectname) [4ms]
2025-12-31 03:16:06.751 [info] > git rev-parse --show-toplevel [9ms]
2025-12-31 03:16:06.753 [info] > git diff --name-status -z --diff-filter=ADMR --find-renames=50% 9ec2e87d0852305a4ffba5363a886d8f8b11a9c6...refs/remotes/origin/main -- [3ms]
2025-12-31 03:16:06.754 [info] > git rev-parse --show-toplevel [1ms]
2025-12-31 03:16:06.757 [info] > git rev-parse --show-toplevel [1ms]
2025-12-31 03:16:06.760 [info] > git rev-parse --show-toplevel [0ms]
2025-12-31 03:16:06.762 [info] > git rev-parse --show-toplevel [1ms]
2025-12-31 03:16:06.764 [info] > git rev-parse --show-toplevel [0ms]
2025-12-31 03:16:06.767 [info] > git rev-parse --show-toplevel [0ms]
2025-12-31 03:16:06.770 [info] > git rev-parse --show-toplevel [1ms]
2025-12-31 03:16:06.772 [info] > git rev-parse --show-toplevel [0ms]
2025-12-31 03:16:06.775 [info] > git rev-parse --show-toplevel [0ms]
2025-12-31 03:16:06.778 [info] > git rev-parse --show-toplevel [1ms]
2025-12-31 03:16:06.780 [info] > git rev-parse --show-toplevel [1ms]
2025-12-31 03:16:06.783 [info] > git rev-parse --show-toplevel [1ms]
2025-12-31 03:16:06.786 [info] > git rev-parse --show-toplevel [1ms]
2025-12-31 03:16:06.791 [info] > git rev-parse --git-dir --git-common-dir --show-superproject-working-tree [3ms]
2025-12-31 03:16:06.794 [info] [Model][openRepository] Opened repository (path): /home/bator/.config/rofi
2025-12-31 03:16:06.794 [info] [Model][openRepository] Opened repository (real path): /home/bator/.config/rofi
2025-12-31 03:16:06.794 [info] [Model][openRepository] Opened repository (kind): submodule
2025-12-31 03:16:06.800 [info] > git rev-parse --show-toplevel [1ms]
2025-12-31 03:16:06.800 [info] > git config --get commit.template [3ms]
2025-12-31 03:16:06.805 [info] > git rev-parse --show-toplevel [2ms]
2025-12-31 03:16:06.807 [info] > git for-each-ref --format=%(refname)%00%(upstream:short)%00%(objectname)%00%(upstream:track)%00%(upstream:remotename)%00%(upstream:remoteref) refs/heads/main refs/remotes/main [2ms]
2025-12-31 03:16:06.809 [warning] [Git][revParse] Unable to read file: ENOENT: no such file or directory, open '/home/bator/.config/rofi/.git/refs/remotes/origin/main'
2025-12-31 03:16:06.810 [info] > git rev-parse --show-toplevel [3ms]
2025-12-31 03:16:06.811 [info] > git rev-parse refs/remotes/origin/main [2ms]
2025-12-31 03:16:06.816 [info] > git status -z -uall [2ms]
2025-12-31 03:16:06.817 [info] > git rev-parse --show-toplevel [6ms]
2025-12-31 03:16:06.820 [info] > git for-each-ref --sort -committerdate --format %(refname)%00%(objectname)%00%(*objectname) [4ms]
2025-12-31 03:16:06.829 [info] > git status -z -uall [85ms]
2025-12-31 03:16:06.829 [info] > git for-each-ref --format=%(refname)%00%(upstream:short)%00%(objectname)%00%(upstream:track)%00%(upstream:remotename)%00%(upstream:remoteref) refs/heads/main refs/remotes/main [4ms]
2025-12-31 03:16:06.831 [info] > git rev-parse --show-toplevel [12ms]
2025-12-31 03:16:06.845 [info] > git config --get --local branch.main.vscode-merge-base [14ms]
2025-12-31 03:16:06.848 [info] > git config --get commit.template [19ms]
2025-12-31 03:16:06.850 [info] > git for-each-ref --format=%(refname)%00%(upstream:short)%00%(objectname)%00%(upstream:track)%00%(upstream:remotename)%00%(upstream:remoteref) refs/heads/origin/main refs/remotes/origin/main [3ms]
2025-12-31 03:16:06.853 [info] > git rev-parse --show-toplevel [10ms]
2025-12-31 03:16:06.856 [info] [Model][doInitialScan] Initial repository scan completed - repositories (2), closed repositories (0), parent repositories (0), unsafe repositories (0)
2025-12-31 03:16:06.861 [info] > git merge-base refs/heads/main refs/remotes/origin/main [8ms]
2025-12-31 03:16:06.863 [info] > git for-each-ref --format=%(refname)%00%(upstream:short)%00%(objectname)%00%(upstream:track)%00%(upstream:remotename)%00%(upstream:remoteref) refs/heads/main refs/remotes/main [3ms]
2025-12-31 03:16:06.865 [warning] [Git][revParse] Unable to read file: ENOENT: no such file or directory, open '/home/bator/.config/rofi/.git/refs/remotes/origin/main'
2025-12-31 03:16:06.866 [info] > git diff --name-status -z --diff-filter=ADMR --find-renames=50% c2cdf691e6ee5b52e765e31f10e116e357d47713...refs/remotes/origin/main -- [3ms]
2025-12-31 03:16:06.866 [info] > git rev-parse refs/remotes/origin/main [1ms]
2025-12-31 03:16:06.871 [info] > git status -z -uall [3ms]
2025-12-31 03:16:06.872 [info] > git for-each-ref --sort -committerdate --format %(refname)%00%(objectname)%00%(*objectname) [1ms]
2025-12-31 03:16:07.226 [info] > git show --textconv :hypr/hyprland.conf [10ms]
2025-12-31 03:16:07.229 [info] > git ls-files --stage -- hypr/hyprland.conf [4ms]
2025-12-31 03:16:07.237 [info] > git cat-file -s 8447173f286d83cdf8ecd1679f5cd86862d974ac [2ms]
2025-12-31 03:16:07.275 [info] > git blame --root --incremental 9ec2e87d0852305a4ffba5363a886d8f8b11a9c6 -- hypr/hyprland.conf [2ms]
2025-12-31 03:16:07.360 [info] > git check-ignore -v -z --stdin [2ms]
2025-12-31 03:16:07.370 [info] > git check-ignore -v -z --stdin [23ms]
2025-12-31 03:16:10.096 [info] > git config --get commit.template [2ms]
2025-12-31 03:16:10.106 [info] > git for-each-ref --format=%(refname)%00%(upstream:short)%00%(objectname)%00%(upstream:track)%00%(upstream:remotename)%00%(upstream:remoteref) refs/heads/main refs/remotes/main [3ms]
2025-12-31 03:16:10.122 [info] > git for-each-ref --sort -committerdate --format %(refname)%00%(objectname)%00%(*objectname) [2ms]
2025-12-31 03:16:10.205 [info] > git status -z -uall [92ms]
2025-12-31 03:16:15.137 [info] > git check-ignore -v -z --stdin [5ms]
2025-12-31 03:16:15.224 [info] > git config --get commit.template [5ms]
2025-12-31 03:16:15.226 [info] > git for-each-ref --format=%(refname)%00%(upstream:short)%00%(objectname)%00%(upstream:track)%00%(upstream:remotename)%00%(upstream:remoteref) refs/heads/main refs/remotes/main [3ms]
2025-12-31 03:16:15.237 [info] > git for-each-ref --sort -committerdate --format %(refname)%00%(objectname)%00%(*objectname) [2ms]
2025-12-31 03:16:15.310 [info] > git status -z -uall [79ms]
2025-12-31 03:16:17.132 [info] > git check-ignore -v -z --stdin [7ms]
2025-12-31 03:16:20.330 [info] > git config --get commit.template [3ms]
2025-12-31 03:16:20.330 [info] > git for-each-ref --format=%(refname)%00%(upstream:short)%00%(objectname)%00%(upstream:track)%00%(upstream:remotename)%00%(upstream:remoteref) refs/heads/main refs/remotes/main [1ms]
2025-12-31 03:16:20.338 [info] > git for-each-ref --sort -committerdate --format %(refname)%00%(objectname)%00%(*objectname) [1ms]
2025-12-31 03:16:20.407 [info] > git status -z -uall [73ms]
2025-12-31 03:16:22.004 [info] > git show --textconv :waybar/style.css [2ms]
2025-12-31 03:16:22.005 [info] > git ls-files --stage -- waybar/style.css [1ms]
2025-12-31 03:16:22.009 [info] > git cat-file -s 2d8ae330eb4ef6a736423bd3229e904429f18f7e [1ms]
2025-12-31 03:16:22.021 [info] > git blame --root --incremental 9ec2e87d0852305a4ffba5363a886d8f8b11a9c6 -- waybar/style.css [1ms]
2025-12-31 03:16:25.437 [info] > git config --get commit.template [8ms]
2025-12-31 03:16:25.439 [info] > git for-each-ref --format=%(refname)%00%(upstream:short)%00%(objectname)%00%(upstream:track)%00%(upstream:remotename)%00%(upstream:remoteref) refs/heads/main refs/remotes/main [4ms]
2025-12-31 03:16:25.457 [info] > git for-each-ref --sort -committerdate --format %(refname)%00%(objectname)%00%(*objectname) [3ms]
2025-12-31 03:16:25.526 [info] > git status -z -uall [81ms]
2025-12-31 03:16:30.555 [info] > git config --get commit.template [9ms]
2025-12-31 03:16:30.557 [info] > git for-each-ref --format=%(refname)%00%(upstream:short)%00%(objectname)%00%(upstream:track)%00%(upstream:remotename)%00%(upstream:remoteref) refs/heads/main refs/remotes/main [4ms]
2025-12-31 03:16:30.572 [info] > git for-each-ref --sort -committerdate --format %(refname)%00%(objectname)%00%(*objectname) [3ms]
2025-12-31 03:16:30.641 [info] > git status -z -uall [78ms]
2025-12-31 03:16:35.667 [info] > git config --get commit.template [8ms]
2025-12-31 03:16:35.669 [info] > git for-each-ref --format=%(refname)%00%(upstream:short)%00%(objectname)%00%(upstream:track)%00%(upstream:remotename)%00%(upstream:remoteref) refs/heads/main refs/remotes/main [3ms]
2025-12-31 03:16:35.687 [info] > git for-each-ref --sort -committerdate --format %(refname)%00%(objectname)%00%(*objectname) [3ms]
2025-12-31 03:16:35.780 [info] > git status -z -uall [104ms]
2025-12-31 03:16:40.822 [info] > git config --get commit.template [14ms]
2025-12-31 03:16:40.827 [info] > git for-each-ref --format=%(refname)%00%(upstream:short)%00%(objectname)%00%(upstream:track)%00%(upstream:remotename)%00%(upstream:remoteref) refs/heads/main refs/remotes/main [5ms]
2025-12-31 03:16:40.856 [info] > git for-each-ref --sort -committerdate --format %(refname)%00%(objectname)%00%(*objectname) [5ms]
2025-12-31 03:16:40.926 [info] > git status -z -uall [87ms]
2025-12-31 03:16:45.349 [info] > git show --textconv :readme.md [4ms]
2025-12-31 03:16:45.352 [info] > git ls-files --stage -- readme.md [4ms]
2025-12-31 03:16:45.354 [info] > git hash-object -t tree /dev/null [3ms]
2025-12-31 03:16:45.354 [warning] [GitFileSystemProvider][readFile] File not found - git:/home/bator/.config/readme.md.git?%7B%22path%22%3A%22%2Fhome%2Fbator%2F.config%2Freadme.md%22%2C%22ref%22%3A%22%22%7D
2025-12-31 03:16:45.355 [info] > git hash-object -t tree /dev/null [1ms]
2025-12-31 03:16:45.355 [warning] [GitFileSystemProvider][stat] File not found - git:/home/bator/.config/readme.md.git?%7B%22path%22%3A%22%2Fhome%2Fbator%2F.config%2Freadme.md%22%2C%22ref%22%3A%22%22%7D
2025-12-31 03:16:45.642 [info] > git check-ignore -v -z --stdin [7ms]
2025-12-31 03:16:45.950 [info] > git config --get commit.template [6ms]
2025-12-31 03:16:45.953 [info] > git for-each-ref --format=%(refname)%00%(upstream:short)%00%(objectname)%00%(upstream:track)%00%(upstream:remotename)%00%(upstream:remoteref) refs/heads/main refs/remotes/main [3ms]
2025-12-31 03:16:45.969 [info] > git for-each-ref --sort -committerdate --format %(refname)%00%(objectname)%00%(*objectname) [2ms]
2025-12-31 03:16:46.037 [info] > git status -z -uall [77ms]
2025-12-31 03:16:49.000 [info] > git show --textconv :waybar/style.css [4ms]
2025-12-31 03:16:49.001 [info] > git ls-files --stage -- waybar/style.css [1ms]
2025-12-31 03:16:49.004 [info] > git cat-file -s 2d8ae330eb4ef6a736423bd3229e904429f18f7e [0ms]
2025-12-31 03:16:51.071 [info] > git config --get commit.template [10ms]
2025-12-31 03:16:51.073 [info] > git for-each-ref --format=%(refname)%00%(upstream:short)%00%(objectname)%00%(upstream:track)%00%(upstream:remotename)%00%(upstream:remoteref) refs/heads/main refs/remotes/main [4ms]
2025-12-31 03:16:51.085 [info] > git for-each-ref --sort -committerdate --format %(refname)%00%(objectname)%00%(*objectname) [2ms]
2025-12-31 03:16:51.151 [info] > git status -z -uall [72ms]
2025-12-31 03:18:17.451 [info] > git check-ignore -v -z --stdin [2ms]
2025-12-31 03:18:46.074 [info] > git config --get commit.template [5ms]
2025-12-31 03:18:46.075 [info] > git for-each-ref --format=%(refname)%00%(upstream:short)%00%(objectname)%00%(upstream:track)%00%(upstream:remotename)%00%(upstream:remoteref) refs/heads/main refs/remotes/main [2ms]
2025-12-31 03:18:46.084 [info] > git for-each-ref --sort -committerdate --format %(refname)%00%(objectname)%00%(*objectname) [1ms]
2025-12-31 03:18:46.161 [info] > git status -z -uall [82ms]
2025-12-31 03:18:51.190 [info] > git config --get commit.template [9ms]
2025-12-31 03:18:51.191 [info] > git for-each-ref --format=%(refname)%00%(upstream:short)%00%(objectname)%00%(upstream:track)%00%(upstream:remotename)%00%(upstream:remoteref) refs/heads/main refs/remotes/main [2ms]
2025-12-31 03:18:51.209 [info] > git for-each-ref --sort -committerdate --format %(refname)%00%(objectname)%00%(*objectname) [3ms]
2025-12-31 03:18:51.284 [info] > git status -z -uall [87ms]
2025-12-31 03:18:56.309 [info] > git config --get commit.template [8ms]
2025-12-31 03:18:56.311 [info] > git for-each-ref --format=%(refname)%00%(upstream:short)%00%(objectname)%00%(upstream:track)%00%(upstream:remotename)%00%(upstream:remoteref) refs/heads/main refs/remotes/main [3ms]
2025-12-31 03:18:56.325 [info] > git for-each-ref --sort -committerdate --format %(refname)%00%(objectname)%00%(*objectname) [2ms]
2025-12-31 03:18:56.404 [info] > git status -z -uall [85ms]
2025-12-31 03:19:01.432 [info] > git config --get commit.template [8ms]
2025-12-31 03:19:01.434 [info] > git for-each-ref --format=%(refname)%00%(upstream:short)%00%(objectname)%00%(upstream:track)%00%(upstream:remotename)%00%(upstream:remoteref) refs/heads/main refs/remotes/main [2ms]
2025-12-31 03:19:01.444 [info] > git for-each-ref --sort -committerdate --format %(refname)%00%(objectname)%00%(*objectname) [1ms]
2025-12-31 03:19:01.521 [info] > git status -z -uall [82ms]
2025-12-31 03:19:06.548 [info] > git config --get commit.template [8ms]
2025-12-31 03:19:06.551 [info] > git for-each-ref --format=%(refname)%00%(upstream:short)%00%(objectname)%00%(upstream:track)%00%(upstream:remotename)%00%(upstream:remoteref) refs/heads/main refs/remotes/main [3ms]
2025-12-31 03:19:06.567 [info] > git for-each-ref --sort -committerdate --format %(refname)%00%(objectname)%00%(*objectname) [2ms]
2025-12-31 03:19:06.643 [info] > git status -z -uall [85ms]
2025-12-31 03:19:11.666 [info] > git config --get commit.template [2ms]
2025-12-31 03:19:11.679 [info] > git for-each-ref --format=%(refname)%00%(upstream:short)%00%(objectname)%00%(upstream:track)%00%(upstream:remotename)%00%(upstream:remoteref) refs/heads/main refs/remotes/main [4ms]
2025-12-31 03:19:11.694 [info] > git for-each-ref --sort -committerdate --format %(refname)%00%(objectname)%00%(*objectname) [2ms]
2025-12-31 03:19:11.776 [info] > git status -z -uall [92ms]
2025-12-31 03:19:16.803 [info] > git config --get commit.template [9ms]
2025-12-31 03:19:16.807 [info] > git for-each-ref --format=%(refname)%00%(upstream:short)%00%(objectname)%00%(upstream:track)%00%(upstream:remotename)%00%(upstream:remoteref) refs/heads/main refs/remotes/main [4ms]
2025-12-31 03:19:16.826 [info] > git for-each-ref --sort -committerdate --format %(refname)%00%(objectname)%00%(*objectname) [3ms]
2025-12-31 03:19:16.908 [info] > git status -z -uall [93ms]
2025-12-31 03:19:21.933 [info] > git config --get commit.template [8ms]
2025-12-31 03:19:21.935 [info] > git for-each-ref --format=%(refname)%00%(upstream:short)%00%(objectname)%00%(upstream:track)%00%(upstream:remotename)%00%(upstream:remoteref) refs/heads/main refs/remotes/main [2ms]
2025-12-31 03:19:21.945 [info] > git for-each-ref --sort -committerdate --format %(refname)%00%(objectname)%00%(*objectname) [3ms]
2025-12-31 03:19:22.031 [info] > git status -z -uall [92ms]
2025-12-31 03:19:27.060 [info] > git config --get commit.template [9ms]
2025-12-31 03:19:27.060 [info] > git for-each-ref --format=%(refname)%00%(upstream:short)%00%(objectname)%00%(upstream:track)%00%(upstream:remotename)%00%(upstream:remoteref) refs/heads/main refs/remotes/main [2ms]
2025-12-31 03:19:27.077 [info] > git for-each-ref --sort -committerdate --format %(refname)%00%(objectname)%00%(*objectname) [2ms]
2025-12-31 03:19:27.152 [info] > git status -z -uall [84ms]
2025-12-31 03:19:30.274 [info] > git check-ignore -v -z --stdin [9ms]
2025-12-31 03:19:32.175 [info] > git config --get commit.template [7ms]
2025-12-31 03:19:32.178 [info] > git for-each-ref --format=%(refname)%00%(upstream:short)%00%(objectname)%00%(upstream:track)%00%(upstream:remotename)%00%(upstream:remoteref) refs/heads/main refs/remotes/main [4ms]
2025-12-31 03:19:32.196 [info] > git for-each-ref --sort -committerdate --format %(refname)%00%(objectname)%00%(*objectname) [2ms]
2025-12-31 03:19:32.277 [info] > git status -z -uall [92ms]
2025-12-31 03:19:37.299 [info] > git config --get commit.template [7ms]
2025-12-31 03:19:37.301 [info] > git for-each-ref --format=%(refname)%00%(upstream:short)%00%(objectname)%00%(upstream:track)%00%(upstream:remotename)%00%(upstream:remoteref) refs/heads/main refs/remotes/main [3ms]
2025-12-31 03:19:37.316 [info] > git for-each-ref --sort -committerdate --format %(refname)%00%(objectname)%00%(*objectname) [4ms]
2025-12-31 03:19:37.393 [info] > git status -z -uall [88ms]
2025-12-31 03:19:42.411 [info] > git config --get commit.template [2ms]
2025-12-31 03:19:42.417 [info] > git for-each-ref --format=%(refname)%00%(upstream:short)%00%(objectname)%00%(upstream:track)%00%(upstream:remotename)%00%(upstream:remoteref) refs/heads/main refs/remotes/main [1ms]
2025-12-31 03:19:42.423 [info] > git for-each-ref --sort -committerdate --format %(refname)%00%(objectname)%00%(*objectname) [1ms]
2025-12-31 03:19:42.508 [info] > git status -z -uall [88ms]
2025-12-31 03:19:45.617 [info] > git check-ignore -v -z --stdin [7ms]
2025-12-31 03:19:47.526 [info] > git config --get commit.template [4ms]
2025-12-31 03:19:47.527 [info] > git for-each-ref --format=%(refname)%00%(upstream:short)%00%(objectname)%00%(upstream:track)%00%(upstream:remotename)%00%(upstream:remoteref) refs/heads/main refs/remotes/main [1ms]
2025-12-31 03:19:47.534 [info] > git for-each-ref --sort -committerdate --format %(refname)%00%(objectname)%00%(*objectname) [2ms]
2025-12-31 03:19:47.606 [info] > git status -z -uall [76ms]
2025-12-31 03:20:22.144 [info] > git config --get commit.template [3ms]
2025-12-31 03:20:22.144 [info] > git for-each-ref --format=%(refname)%00%(upstream:short)%00%(objectname)%00%(upstream:track)%00%(upstream:remotename)%00%(upstream:remoteref) refs/heads/main refs/remotes/main [1ms]
2025-12-31 03:20:22.151 [info] > git for-each-ref --sort -committerdate --format %(refname)%00%(objectname)%00%(*objectname) [1ms]
2025-12-31 03:20:22.161 [info] > git status -z -uall [14ms]
2025-12-31 03:20:22.171 [info] > git merge-base refs/heads/main refs/remotes/origin/main [3ms]
2025-12-31 03:20:22.176 [info] > git diff --name-status -z --diff-filter=ADMR --find-renames=50% 9ec2e87d0852305a4ffba5363a886d8f8b11a9c6...refs/remotes/origin/main -- [2ms]
2025-12-31 03:20:22.482 [info] > git show --textconv :readme.md [11ms]
2025-12-31 03:20:22.485 [info] > git ls-files --stage -- readme.md [5ms]
2025-12-31 03:20:22.492 [info] > git cat-file -s a2e56d0fb56d454463126903f5ce534d6a36701b [1ms]
2025-12-31 03:20:22.510 [info] > git blame --root --incremental b64e23dc4d0bf30597bfb91444192ed169790d67 -- readme.md [5ms]
2025-12-31 03:21:29.896 [info] > git config --get commit.template [3ms]
2025-12-31 03:21:29.897 [info] > git for-each-ref --format=%(refname)%00%(upstream:short)%00%(objectname)%00%(upstream:track)%00%(upstream:remotename)%00%(upstream:remoteref) refs/heads/main refs/remotes/main [2ms]
2025-12-31 03:21:29.908 [info] > git for-each-ref --sort -committerdate --format %(refname)%00%(objectname)%00%(*objectname) [4ms]
2025-12-31 03:21:29.909 [info] > git ls-files --stage -- readme.md [1ms]
2025-12-31 03:21:29.912 [info] > git cat-file -s a2e56d0fb56d454463126903f5ce534d6a36701b [0ms]
2025-12-31 03:21:29.923 [info] > git status -z -uall [23ms]
2025-12-31 03:21:29.932 [info] > git merge-base refs/heads/main refs/remotes/origin/main [2ms]
2025-12-31 03:21:29.935 [info] > git blame --root --incremental 73682c428c85bbab5cc311d28705376991bb637d -- readme.md [7ms]
2025-12-31 03:21:29.939 [info] > git diff --name-status -z --diff-filter=ADMR --find-renames=50% 9ec2e87d0852305a4ffba5363a886d8f8b11a9c6...refs/remotes/origin/main -- [4ms]
2025-12-31 03:21:29.940 [info] > git show --textconv :readme.md [2ms]
2025-12-31 03:21:34.951 [info] > git config --get commit.template [8ms]
2025-12-31 03:21:34.953 [info] > git for-each-ref --format=%(refname)%00%(upstream:short)%00%(objectname)%00%(upstream:track)%00%(upstream:remotename)%00%(upstream:remoteref) refs/heads/main refs/remotes/main [3ms]
2025-12-31 03:21:34.970 [info] > git for-each-ref --sort -committerdate --format %(refname)%00%(objectname)%00%(*objectname) [3ms]
2025-12-31 03:21:34.994 [info] > git status -z -uall [35ms]
2025-12-31 03:25:11.712 [info] > git config --get commit.template [3ms]
2025-12-31 03:25:11.713 [info] > git for-each-ref --format=%(refname)%00%(upstream:short)%00%(objectname)%00%(upstream:track)%00%(upstream:remotename)%00%(upstream:remoteref) refs/heads/main refs/remotes/main [1ms]
2025-12-31 03:25:11.720 [info] > git for-each-ref --sort -committerdate --format %(refname)%00%(objectname)%00%(*objectname) [2ms]
2025-12-31 03:25:11.765 [info] > git status -z -uall [49ms]
2025-12-31 03:25:31.665 [info] > git config --get commit.template [3ms]
2025-12-31 03:25:31.666 [info] > git for-each-ref --format=%(refname)%00%(upstream:short)%00%(objectname)%00%(upstream:track)%00%(upstream:remotename)%00%(upstream:remoteref) refs/heads/main refs/remotes/main [2ms]
2025-12-31 03:25:31.672 [info] > git for-each-ref --sort -committerdate --format %(refname)%00%(objectname)%00%(*objectname) [1ms]
2025-12-31 03:25:31.714 [info] > git status -z -uall [46ms]
2025-12-31 03:25:56.277 [info] > git config --get commit.template [3ms]
2025-12-31 03:25:56.278 [info] > git for-each-ref --format=%(refname)%00%(upstream:short)%00%(objectname)%00%(upstream:track)%00%(upstream:remotename)%00%(upstream:remoteref) refs/heads/main refs/remotes/main [1ms]
2025-12-31 03:25:56.284 [info] > git for-each-ref --sort -committerdate --format %(refname)%00%(objectname)%00%(*objectname) [1ms]
2025-12-31 03:25:56.331 [info] > git status -z -uall [50ms]
2025-12-31 03:26:07.818 [info] > git config --get commit.template [4ms]
2025-12-31 03:26:07.819 [info] > git for-each-ref --format=%(refname)%00%(upstream:short)%00%(objectname)%00%(upstream:track)%00%(upstream:remotename)%00%(upstream:remoteref) refs/heads/main refs/remotes/main [2ms]
2025-12-31 03:26:07.826 [info] > git for-each-ref --sort -committerdate --format %(refname)%00%(objectname)%00%(*objectname) [1ms]
2025-12-31 03:26:07.868 [info] > git status -z -uall [46ms]
2025-12-31 03:26:13.487 [info] > git config --get commit.template [3ms]
2025-12-31 03:26:13.491 [info] > git for-each-ref --format=%(refname)%00%(upstream:short)%00%(objectname)%00%(upstream:track)%00%(upstream:remotename)%00%(upstream:remoteref) refs/heads/add-images refs/remotes/add-images [4ms]
2025-12-31 03:26:13.496 [info] > git ls-files --stage -- readme.md [6ms]
2025-12-31 03:26:13.498 [info] > git for-each-ref --sort -committerdate --format %(refname)%00%(objectname)%00%(*objectname) [3ms]
2025-12-31 03:26:13.499 [info] > git cat-file -s a2e56d0fb56d454463126903f5ce534d6a36701b [1ms]
2025-12-31 03:26:13.529 [info] > git show --textconv :readme.md [2ms]
2025-12-31 03:26:13.545 [info] > git status -z -uall [52ms]
2025-12-31 03:26:13.551 [info] > git for-each-ref --format=%(refname)%00%(upstream:short)%00%(objectname)%00%(upstream:track)%00%(upstream:remotename)%00%(upstream:remoteref) refs/heads/add-images refs/remotes/add-images [1ms]
2025-12-31 03:26:13.556 [info] > git config --get --local branch.add-images.vscode-merge-base [1ms]
2025-12-31 03:26:13.556 [warning] [Git][config] git config failed: Failed to execute git
2025-12-31 03:26:13.561 [info] > git reflog add-images --grep-reflog=branch: Created from *. [2ms]
2025-12-31 03:26:13.567 [info] > git reflog HEAD --grep-reflog=checkout: moving from .* to add-images [3ms]
2025-12-31 03:26:13.571 [info] > git for-each-ref --format=%(refname)%00%(upstream:short)%00%(objectname)%00%(upstream:track)%00%(upstream:remotename)%00%(upstream:remoteref) refs/heads/main refs/remotes/main [1ms]
2025-12-31 03:26:13.575 [info] > git for-each-ref --format=%(refname)%00%(upstream:short)%00%(objectname)%00%(upstream:track)%00%(upstream:remotename)%00%(upstream:remoteref) refs/remotes/origin/main [1ms]
2025-12-31 03:26:13.579 [info] > git config --add --local branch.add-images.vscode-merge-base origin/main [1ms]
2025-12-31 03:26:13.584 [info] > git config --get commit.template [3ms]
2025-12-31 03:26:13.584 [info] > git for-each-ref --format=%(refname)%00%(upstream:short)%00%(objectname)%00%(upstream:track)%00%(upstream:remotename)%00%(upstream:remoteref) refs/heads/add-images refs/remotes/add-images [1ms]
2025-12-31 03:26:13.590 [info] > git for-each-ref --sort -committerdate --format %(refname)%00%(objectname)%00%(*objectname) [1ms]
2025-12-31 03:26:13.631 [info] > git status -z -uall [45ms]
2025-12-31 03:26:14.864 [info] > git ls-files --stage -- readme.md [2ms]
2025-12-31 03:26:14.867 [info] > git cat-file -s a2e56d0fb56d454463126903f5ce534d6a36701b [1ms]
2025-12-31 03:26:14.872 [info] > git show --textconv :readme.md [2ms]
2025-12-31 03:26:22.419 [info] > git config --get commit.template [4ms]
2025-12-31 03:26:22.419 [info] > git for-each-ref --format=%(refname)%00%(upstream:short)%00%(objectname)%00%(upstream:track)%00%(upstream:remotename)%00%(upstream:remoteref) refs/heads/add-images refs/remotes/add-images [1ms]
2025-12-31 03:26:22.427 [info] > git for-each-ref --sort -committerdate --format %(refname)%00%(objectname)%00%(*objectname) [1ms]
2025-12-31 03:26:22.469 [info] > git status -z -uall [47ms]
2025-12-31 03:27:29.903 [info] > git rev-parse --show-toplevel [0ms]
2025-12-31 03:27:29.903 [info] fatal: not a git repository (or any parent up to mount point /)
Stopping at filesystem boundary (GIT_DISCOVERY_ACROSS_FILESYSTEM not set).
2025-12-31 03:27:31.822 [info] > git config --get commit.template [3ms]
2025-12-31 03:27:31.823 [info] > git for-each-ref --format=%(refname)%00%(upstream:short)%00%(objectname)%00%(upstream:track)%00%(upstream:remotename)%00%(upstream:remoteref) refs/heads/add-images refs/remotes/add-images [1ms]
2025-12-31 03:27:31.830 [info] > git for-each-ref --sort -committerdate --format %(refname)%00%(objectname)%00%(*objectname) [1ms]
2025-12-31 03:27:31.885 [info] > git status -z -uall [59ms]
2025-12-31 03:27:57.971 [info] > git config --get commit.template [3ms]
2025-12-31 03:27:57.971 [info] > git for-each-ref --format=%(refname)%00%(upstream:short)%00%(objectname)%00%(upstream:track)%00%(upstream:remotename)%00%(upstream:remoteref) refs/heads/add-images refs/remotes/add-images [1ms]
2025-12-31 03:27:57.978 [info] > git for-each-ref --sort -committerdate --format %(refname)%00%(objectname)%00%(*objectname) [1ms]
2025-12-31 03:27:58.026 [info] > git status -z -uall [53ms]
2025-12-31 03:28:04.656 [info] > git config --get commit.template [4ms]
2025-12-31 03:28:04.656 [info] > git for-each-ref --format=%(refname)%00%(upstream:short)%00%(objectname)%00%(upstream:track)%00%(upstream:remotename)%00%(upstream:remoteref) refs/heads/add-images refs/remotes/add-images [0ms]
2025-12-31 03:28:04.662 [info] > git for-each-ref --sort -committerdate --format %(refname)%00%(objectname)%00%(*objectname) [1ms]
2025-12-31 03:28:04.712 [info] > git status -z -uall [53ms]
2025-12-31 03:29:53.305 [info] > git config --get commit.template [3ms]
2025-12-31 03:29:53.306 [info] > git for-each-ref --format=%(refname)%00%(upstream:short)%00%(objectname)%00%(upstream:track)%00%(upstream:remotename)%00%(upstream:remoteref) refs/heads/add-images refs/remotes/add-images [1ms]
2025-12-31 03:29:53.313 [info] > git for-each-ref --sort -committerdate --format %(refname)%00%(objectname)%00%(*objectname) [2ms]
2025-12-31 03:29:53.362 [info] > git status -z -uall [53ms]
2025-12-31 03:30:17.796 [info] > git config --get commit.template [3ms]
2025-12-31 03:30:17.796 [info] > git for-each-ref --format=%(refname)%00%(upstream:short)%00%(objectname)%00%(upstream:track)%00%(upstream:remotename)%00%(upstream:remoteref) refs/heads/add-images refs/remotes/add-images [1ms]
2025-12-31 03:30:17.802 [info] > git for-each-ref --sort -committerdate --format %(refname)%00%(objectname)%00%(*objectname) [1ms]
2025-12-31 03:30:17.850 [info] > git status -z -uall [52ms]
2025-12-31 03:30:22.955 [info] > git config --get commit.template [1ms]
2025-12-31 03:30:22.959 [info] > git for-each-ref --format=%(refname)%00%(upstream:short)%00%(objectname)%00%(upstream:track)%00%(upstream:remotename)%00%(upstream:remoteref) refs/heads/add-images refs/remotes/add-images [1ms]
2025-12-31 03:30:22.965 [info] > git for-each-ref --sort -committerdate --format %(refname)%00%(objectname)%00%(*objectname) [1ms]
2025-12-31 03:30:23.013 [info] > git status -z -uall [51ms]
2025-12-31 03:30:30.076 [info] > git config --get commit.template [3ms]
2025-12-31 03:30:30.076 [info] > git for-each-ref --format=%(refname)%00%(upstream:short)%00%(objectname)%00%(upstream:track)%00%(upstream:remotename)%00%(upstream:remoteref) refs/heads/add-images refs/remotes/add-images [1ms]
2025-12-31 03:30:30.082 [info] > git for-each-ref --sort -committerdate --format %(refname)%00%(objectname)%00%(*objectname) [1ms]
2025-12-31 03:30:30.132 [info] > git status -z -uall [54ms]
2025-12-31 03:30:48.970 [info] > git config --get commit.template [3ms]
2025-12-31 03:30:48.970 [info] > git for-each-ref --format=%(refname)%00%(upstream:short)%00%(objectname)%00%(upstream:track)%00%(upstream:remotename)%00%(upstream:remoteref) refs/heads/add-images refs/remotes/add-images [1ms]
2025-12-31 03:30:48.976 [info] > git for-each-ref --sort -committerdate --format %(refname)%00%(objectname)%00%(*objectname) [1ms]
2025-12-31 03:30:49.024 [info] > git status -z -uall [52ms]
2025-12-31 03:30:59.702 [info] > git config --get commit.template [4ms]
2025-12-31 03:30:59.703 [info] > git for-each-ref --format=%(refname)%00%(upstream:short)%00%(objectname)%00%(upstream:track)%00%(upstream:remotename)%00%(upstream:remoteref) refs/heads/add-images refs/remotes/add-images [1ms]
2025-12-31 03:30:59.708 [info] > git for-each-ref --sort -committerdate --format %(refname)%00%(objectname)%00%(*objectname) [1ms]
2025-12-31 03:30:59.758 [info] > git status -z -uall [53ms]
2025-12-31 03:31:25.686 [info] > git config --get commit.template [3ms]
2025-12-31 03:31:25.686 [info] > git for-each-ref --format=%(refname)%00%(upstream:short)%00%(objectname)%00%(upstream:track)%00%(upstream:remotename)%00%(upstream:remoteref) refs/heads/add-images refs/remotes/add-images [1ms]
2025-12-31 03:31:25.692 [info] > git for-each-ref --sort -committerdate --format %(refname)%00%(objectname)%00%(*objectname) [1ms]
2025-12-31 03:31:25.741 [info] > git status -z -uall [52ms]
2025-12-31 03:31:44.280 [info] > git config --get commit.template [2ms]
2025-12-31 03:31:44.281 [info] > git for-each-ref --format=%(refname)%00%(upstream:short)%00%(objectname)%00%(upstream:track)%00%(upstream:remotename)%00%(upstream:remoteref) refs/heads/add-images refs/remotes/add-images [1ms]
2025-12-31 03:31:44.286 [info] > git for-each-ref --sort -committerdate --format %(refname)%00%(objectname)%00%(*objectname) [1ms]
2025-12-31 03:31:44.333 [info] > git status -z -uall [51ms]
2025-12-31 03:32:22.305 [info] > git config --get commit.template [2ms]
2025-12-31 03:32:22.306 [info] > git for-each-ref --format=%(refname)%00%(upstream:short)%00%(objectname)%00%(upstream:track)%00%(upstream:remotename)%00%(upstream:remoteref) refs/heads/add-images refs/remotes/add-images [1ms]
2025-12-31 03:32:22.313 [info] > git for-each-ref --sort -committerdate --format %(refname)%00%(objectname)%00%(*objectname) [1ms]
2025-12-31 03:32:22.360 [info] > git status -z -uall [51ms]
2025-12-31 03:32:30.128 [info] > git config --get commit.template [1ms]
2025-12-31 03:32:30.132 [info] > git for-each-ref --format=%(refname)%00%(upstream:short)%00%(objectname)%00%(upstream:track)%00%(upstream:remotename)%00%(upstream:remoteref) refs/heads/main refs/remotes/main [1ms]
2025-12-31 03:32:30.138 [info] > git for-each-ref --sort -committerdate --format %(refname)%00%(objectname)%00%(*objectname) [1ms]
2025-12-31 03:32:30.185 [info] > git status -z -uall [50ms]
2025-12-31 03:32:30.191 [info] > git for-each-ref --format=%(refname)%00%(upstream:short)%00%(objectname)%00%(upstream:track)%00%(upstream:remotename)%00%(upstream:remoteref) refs/heads/main refs/remotes/main [2ms]
2025-12-31 03:32:30.194 [info] > git config --get --local branch.main.vscode-merge-base [0ms]
2025-12-31 03:32:30.195 [warning] [Git][config] git config failed: Failed to execute git
2025-12-31 03:32:30.199 [info] > git reflog main --grep-reflog=branch: Created from *. [2ms]
2025-12-31 03:32:30.202 [info] > git symbolic-ref --short refs/remotes/origin/HEAD [1ms]
2025-12-31 03:32:30.202 [info] fatal: ref refs/remotes/origin/HEAD is not a symbolic ref
2025-12-31 03:32:30.202 [warning] [Repository][getDefaultBranch] Failed to get default branch details: Failed to execute git.
2025-12-31 03:32:30.205 [info] > git merge-base refs/heads/main refs/remotes/origin/main [1ms]
2025-12-31 03:32:30.209 [info] > git diff --name-status -z --diff-filter=ADMR --find-renames=50% 9ec2e87d0852305a4ffba5363a886d8f8b11a9c6...refs/remotes/origin/main -- [1ms]
2025-12-31 03:33:20.545 [info] > git config --get commit.template [3ms]
2025-12-31 03:33:20.546 [info] > git for-each-ref --format=%(refname)%00%(upstream:short)%00%(objectname)%00%(upstream:track)%00%(upstream:remotename)%00%(upstream:remoteref) refs/heads/main refs/remotes/main [1ms]
2025-12-31 03:33:20.552 [info] > git for-each-ref --sort -committerdate --format %(refname)%00%(objectname)%00%(*objectname) [1ms]
2025-12-31 03:33:20.613 [info] > git status -z -uall [64ms]
