2025-12-31 10:29:43.718 [info] Reading sessions from keychain...
2025-12-31 10:29:43.718 [info] Getting sessions for all scopes...
2025-12-31 10:29:43.718 [info] Got 0 sessions for ...
2025-12-31 10:29:43.718 [info] Getting sessions for all scopes...
2025-12-31 10:29:43.718 [info] Got 0 sessions for ...
2025-12-31 10:29:43.718 [info] Getting sessions for all scopes...
2025-12-31 10:29:43.718 [info] Got 0 sessions for ...
2025-12-31 10:29:43.718 [info] Getting sessions for all scopes...
2025-12-31 10:29:43.718 [info] Got 0 sessions for ...
2025-12-31 10:29:43.718 [info] Getting sessions for all scopes...
2025-12-31 10:29:43.718 [info] Got 0 sessions for ...
2025-12-31 10:29:43.718 [info] Getting sessions for all scopes...
2025-12-31 10:29:43.718 [info] Got 0 sessions for ...
2025-12-31 10:29:43.718 [info] Getting sessions for all scopes...
2025-12-31 10:29:43.718 [info] Got 0 sessions for ...
2025-12-31 10:29:43.718 [info] Getting sessions for all scopes...
2025-12-31 10:29:43.718 [info] Got 0 sessions for ...
2025-12-31 10:29:43.718 [info] Getting sessions for all scopes...
2025-12-31 10:29:43.718 [info] Got 0 sessions for ...
2025-12-31 10:29:43.718 [info] Getting sessions for all scopes...
2025-12-31 10:29:43.718 [info] Got 0 sessions for ...
2025-12-31 10:29:43.718 [info] Getting sessions for all scopes...
2025-12-31 10:29:43.718 [info] Got 0 sessions for ...
2025-12-31 10:29:43.718 [info] Getting sessions for all scopes...
2025-12-31 10:29:43.718 [info] Got 0 sessions for ...
2025-12-31 10:29:43.718 [info] Getting sessions for all scopes...
2025-12-31 10:29:43.718 [info] Got 0 sessions for ...
2025-12-31 10:29:43.718 [info] Getting sessions for all scopes...
2025-12-31 10:29:43.718 [info] Got 0 sessions for ...
2025-12-31 10:29:43.718 [info] Getting sessions for all scopes...
2025-12-31 10:29:43.718 [info] Got 0 sessions for ...
2025-12-31 10:29:43.718 [info] Getting sessions for all scopes...
2025-12-31 10:29:43.718 [info] Got 0 sessions for ...
2025-12-31 10:29:46.080 [info] Getting sessions for read:user,repo,user:email,workflow...
2025-12-31 10:29:46.080 [info] Got 0 sessions for read:user,repo,user:email,workflow...
