2025-12-31 10:29:43.958 [info] [main] Log level: Info
2025-12-31 10:29:43.958 [info] [main] Validating found git in: "git"
2025-12-31 10:29:43.958 [info] [main] Using git "2.52.0" from "git"
2025-12-31 10:29:43.958 [info] [Model][doInitialScan] Initial repository scan started
2025-12-31 10:29:44.959 [info] > git rev-parse --show-toplevel [1027ms]
2025-12-31 10:29:45.121 [info] > git rev-parse --git-dir --git-common-dir --show-superproject-working-tree [122ms]
2025-12-31 10:29:45.132 [info] [Model][openRepository] Opened repository (path): /home/bator/.config
2025-12-31 10:29:45.132 [info] [Model][openRepository] Opened repository (real path): /home/bator/.config
2025-12-31 10:29:45.132 [info] [Model][openRepository] Opened repository (kind): repository
2025-12-31 10:29:45.139 [info] > git rev-parse --show-toplevel [1ms]
2025-12-31 10:29:45.140 [info] > git config --get commit.template [5ms]
2025-12-31 10:29:45.549 [info] > git rev-parse --show-toplevel [3ms]
2025-12-31 10:29:45.561 [info] > git rev-parse --show-toplevel [3ms]
2025-12-31 10:29:45.571 [info] > git rev-parse --show-toplevel [2ms]
2025-12-31 10:29:45.580 [info] > git rev-parse --show-toplevel [3ms]
2025-12-31 10:29:45.589 [info] > git rev-parse --show-toplevel [3ms]
2025-12-31 10:29:45.598 [info] > git rev-parse --show-toplevel [2ms]
2025-12-31 10:29:45.605 [info] > git rev-parse --show-toplevel [2ms]
2025-12-31 10:29:45.612 [info] > git rev-parse --show-toplevel [2ms]
2025-12-31 10:29:45.618 [info] > git rev-parse --show-toplevel [1ms]
2025-12-31 10:29:45.624 [info] > git rev-parse --show-toplevel [2ms]
2025-12-31 10:29:45.633 [info] > git rev-parse --show-toplevel [3ms]
2025-12-31 10:29:45.642 [info] > git rev-parse --show-toplevel [2ms]
2025-12-31 10:29:45.661 [info] > git rev-parse --show-toplevel [12ms]
2025-12-31 10:29:45.667 [info] > git rev-parse --show-toplevel [2ms]
2025-12-31 10:29:45.674 [info] > git rev-parse --show-toplevel [3ms]
2025-12-31 10:29:45.684 [info] > git rev-parse --show-toplevel [3ms]
2025-12-31 10:29:45.692 [info] > git rev-parse --show-toplevel [2ms]
2025-12-31 10:29:45.702 [info] > git rev-parse --show-toplevel [3ms]
2025-12-31 10:29:45.711 [info] > git rev-parse --show-toplevel [3ms]
2025-12-31 10:29:45.721 [info] > git rev-parse --show-toplevel [3ms]
2025-12-31 10:29:45.730 [info] > git rev-parse --show-toplevel [3ms]
2025-12-31 10:29:45.739 [info] > git rev-parse --show-toplevel [3ms]
2025-12-31 10:29:45.747 [info] > git rev-parse --show-toplevel [1ms]
2025-12-31 10:29:45.756 [info] > git rev-parse --show-toplevel [3ms]
2025-12-31 10:29:45.810 [info] > git rev-parse --show-toplevel [48ms]
2025-12-31 10:29:45.849 [info] > git rev-parse --git-dir --git-common-dir --show-superproject-working-tree [32ms]
2025-12-31 10:29:45.852 [info] [Model][openRepository] Opened repository (path): /home/bator/.config/rofi
2025-12-31 10:29:45.852 [info] [Model][openRepository] Opened repository (real path): /home/bator/.config/rofi
2025-12-31 10:29:45.852 [info] [Model][openRepository] Opened repository (kind): submodule
2025-12-31 10:29:45.864 [info] > git check-ignore -v -z --stdin [206ms]
2025-12-31 10:29:45.865 [info] > git config --get commit.template [9ms]
2025-12-31 10:29:45.865 [info] > git rev-parse --show-toplevel [3ms]
2025-12-31 10:29:45.871 [info] > git rev-parse --show-toplevel [0ms]
2025-12-31 10:29:45.874 [info] > git rev-parse --show-toplevel [1ms]
2025-12-31 10:29:45.878 [info] > git rev-parse --show-toplevel [2ms]
2025-12-31 10:29:45.882 [info] > git rev-parse --show-toplevel [1ms]
2025-12-31 10:29:45.888 [info] > git rev-parse --show-toplevel [1ms]
2025-12-31 10:29:45.891 [info] [Model][doInitialScan] Initial repository scan completed - repositories (2), closed repositories (0), parent repositories (0), unsafe repositories (0)
2025-12-31 10:29:45.900 [info] > git ls-files --stage -- waybar/config [2ms]
2025-12-31 10:29:46.031 [info] > git show --textconv :waybar/config [135ms]
2025-12-31 10:29:46.031 [info] > git cat-file -s 1241ab76dbab6568c6505623a04aa3fcff278d70 [129ms]
2025-12-31 10:29:46.042 [info] > git for-each-ref --format=%(refname)%00%(upstream:short)%00%(objectname)%00%(upstream:track)%00%(upstream:remotename)%00%(upstream:remoteref) refs/heads/main refs/remotes/main [173ms]
2025-12-31 10:29:46.046 [warning] [Git][revParse] Unable to read file: ENOENT: no such file or directory, open '/home/bator/.config/rofi/.git/refs/remotes/origin/main'
2025-12-31 10:29:46.048 [info] > git rev-parse refs/remotes/origin/main [2ms]
2025-12-31 10:29:46.054 [info] > git for-each-ref --sort -committerdate --format %(refname)%00%(objectname)%00%(*objectname) [1ms]
2025-12-31 10:29:46.064 [info] > git status -z -uall [13ms]
2025-12-31 10:29:46.074 [info] > git for-each-ref --format=%(refname)%00%(upstream:short)%00%(objectname)%00%(upstream:track)%00%(upstream:remotename)%00%(upstream:remoteref) refs/heads/main refs/remotes/main [4ms]
2025-12-31 10:29:46.077 [info] > git config --get --local branch.main.vscode-merge-base [1ms]
2025-12-31 10:29:46.080 [info] > git config --get commit.template [6ms]
2025-12-31 10:29:46.082 [info] > git for-each-ref --format=%(refname)%00%(upstream:short)%00%(objectname)%00%(upstream:track)%00%(upstream:remotename)%00%(upstream:remoteref) refs/heads/origin/main refs/remotes/origin/main [2ms]
2025-12-31 10:29:46.085 [info] > git for-each-ref --format=%(refname)%00%(upstream:short)%00%(objectname)%00%(upstream:track)%00%(upstream:remotename)%00%(upstream:remoteref) refs/heads/main refs/remotes/main [3ms]
2025-12-31 10:29:46.087 [warning] [Git][revParse] Unable to read file: ENOENT: no such file or directory, open '/home/bator/.config/rofi/.git/refs/remotes/origin/main'
2025-12-31 10:29:46.087 [info] > git merge-base refs/heads/main refs/remotes/origin/main [3ms]
2025-12-31 10:29:46.089 [info] > git rev-parse refs/remotes/origin/main [2ms]
2025-12-31 10:29:46.093 [info] > git status -z -uall [2ms]
2025-12-31 10:29:46.093 [info] > git diff --name-status -z --diff-filter=ADMR --find-renames=50% c2cdf691e6ee5b52e765e31f10e116e357d47713...refs/remotes/origin/main -- [4ms]
2025-12-31 10:29:46.094 [info] > git for-each-ref --sort -committerdate --format %(refname)%00%(objectname)%00%(*objectname) [1ms]
2025-12-31 10:29:46.102 [info] > git for-each-ref --format=%(refname)%00%(upstream:short)%00%(objectname)%00%(upstream:track)%00%(upstream:remotename)%00%(upstream:remoteref) refs/heads/main refs/remotes/main [960ms]
2025-12-31 10:29:46.108 [info] > git for-each-ref --sort -committerdate --format %(refname)%00%(objectname)%00%(*objectname) [1ms]
2025-12-31 10:29:46.392 [info] > git check-ignore -v -z --stdin [0ms]
2025-12-31 10:29:46.397 [info] > git check-ignore -v -z --stdin [10ms]
2025-12-31 10:29:49.143 [info] > git blame --root --incremental 73682c428c85bbab5cc311d28705376991bb637d -- waybar/config [133ms]
2025-12-31 10:30:00.313 [info] > git status -z -uall [14208ms]
2025-12-31 10:30:00.325 [info] > git for-each-ref --format=%(refname)%00%(upstream:short)%00%(objectname)%00%(upstream:track)%00%(upstream:remotename)%00%(upstream:remoteref) refs/heads/main refs/remotes/main [3ms]
2025-12-31 10:30:00.329 [info] > git config --get --local branch.main.vscode-merge-base [2ms]
2025-12-31 10:30:00.329 [warning] [Git][config] git config failed: Failed to execute git
2025-12-31 10:30:00.331 [info] > git config --get commit.template [6ms]
2025-12-31 10:30:00.334 [info] > git reflog main --grep-reflog=branch: Created from *. [3ms]
2025-12-31 10:30:00.336 [info] > git for-each-ref --format=%(refname)%00%(upstream:short)%00%(objectname)%00%(upstream:track)%00%(upstream:remotename)%00%(upstream:remoteref) refs/heads/main refs/remotes/main [2ms]
2025-12-31 10:30:00.342 [info] > git symbolic-ref --short refs/remotes/origin/HEAD [5ms]
2025-12-31 10:30:00.342 [info] fatal: ref refs/remotes/origin/HEAD is not a symbolic ref
2025-12-31 10:30:00.342 [warning] [Repository][getDefaultBranch] Failed to get default branch details: Failed to execute git.
2025-12-31 10:30:00.344 [info] > git for-each-ref --sort -committerdate --format %(refname)%00%(objectname)%00%(*objectname) [3ms]
2025-12-31 10:30:00.345 [info] > git merge-base refs/heads/main refs/remotes/origin/main [1ms]
2025-12-31 10:30:00.348 [info] > git diff --name-status -z --diff-filter=ADMR --find-renames=50% 9ec2e87d0852305a4ffba5363a886d8f8b11a9c6...refs/remotes/origin/main -- [1ms]
2025-12-31 10:30:00.399 [info] > git status -z -uall [61ms]
2025-12-31 10:30:10.496 [info] > git config --get commit.template [2ms]
2025-12-31 10:30:10.497 [info] > git for-each-ref --format=%(refname)%00%(upstream:short)%00%(objectname)%00%(upstream:track)%00%(upstream:remotename)%00%(upstream:remoteref) refs/heads/main refs/remotes/main [1ms]
2025-12-31 10:30:10.503 [info] > git for-each-ref --sort -committerdate --format %(refname)%00%(objectname)%00%(*objectname) [1ms]
2025-12-31 10:30:10.561 [info] > git status -z -uall [62ms]
2025-12-31 10:30:19.001 [info] > git config --get commit.template [3ms]
2025-12-31 10:30:19.002 [info] > git for-each-ref --format=%(refname)%00%(upstream:short)%00%(objectname)%00%(upstream:track)%00%(upstream:remotename)%00%(upstream:remoteref) refs/heads/main refs/remotes/main [1ms]
2025-12-31 10:30:19.007 [info] > git for-each-ref --sort -committerdate --format %(refname)%00%(objectname)%00%(*objectname) [1ms]
2025-12-31 10:30:19.067 [info] > git status -z -uall [63ms]
2025-12-31 10:32:48.660 [info] > git config --get commit.template [2ms]
2025-12-31 10:32:48.661 [info] > git for-each-ref --format=%(refname)%00%(upstream:short)%00%(objectname)%00%(upstream:track)%00%(upstream:remotename)%00%(upstream:remoteref) refs/heads/main refs/remotes/main [1ms]
2025-12-31 10:32:48.667 [info] > git for-each-ref --sort -committerdate --format %(refname)%00%(objectname)%00%(*objectname) [2ms]
2025-12-31 10:32:48.726 [info] > git status -z -uall [63ms]
2025-12-31 10:32:53.749 [info] > git config --get commit.template [7ms]
2025-12-31 10:32:53.752 [info] > git for-each-ref --format=%(refname)%00%(upstream:short)%00%(objectname)%00%(upstream:track)%00%(upstream:remotename)%00%(upstream:remoteref) refs/heads/main refs/remotes/main [4ms]
2025-12-31 10:32:53.773 [info] > git for-each-ref --sort -committerdate --format %(refname)%00%(objectname)%00%(*objectname) [5ms]
2025-12-31 10:32:53.840 [info] > git status -z -uall [79ms]
