2025-12-30 22:41:32.953 [info] [main] Log level: Info
2025-12-30 22:41:32.953 [info] [main] Validating found git in: "git"
2025-12-30 22:41:32.953 [info] [main] Using git "2.52.0" from "git"
2025-12-30 22:41:32.953 [info] [Model][doInitialScan] Initial repository scan started
2025-12-30 22:41:32.953 [info] > git rev-parse --show-toplevel [5ms]
2025-12-30 22:41:32.953 [info] fatal: not a git repository (or any parent up to mount point /)
Stopping at filesystem boundary (GIT_DISCOVERY_ACROSS_FILESYSTEM not set).
2025-12-30 22:41:32.953 [info] > git rev-parse --show-toplevel [1ms]
2025-12-30 22:41:32.953 [info] fatal: not a git repository (or any parent up to mount point /)
Stopping at filesystem boundary (GIT_DISCOVERY_ACROSS_FILESYSTEM not set).
2025-12-30 22:41:32.953 [info] > git rev-parse --show-toplevel [1ms]
2025-12-30 22:41:32.953 [info] fatal: not a git repository (or any parent up to mount point /)
Stopping at filesystem boundary (GIT_DISCOVERY_ACROSS_FILESYSTEM not set).
2025-12-30 22:41:32.953 [info] > git rev-parse --show-toplevel [1ms]
2025-12-30 22:41:32.953 [info] fatal: not a git repository (or any parent up to mount point /)
Stopping at filesystem boundary (GIT_DISCOVERY_ACROSS_FILESYSTEM not set).
2025-12-30 22:41:32.953 [info] > git rev-parse --show-toplevel [1ms]
2025-12-30 22:41:32.953 [info] fatal: not a git repository (or any parent up to mount point /)
Stopping at filesystem boundary (GIT_DISCOVERY_ACROSS_FILESYSTEM not set).
2025-12-30 22:41:32.953 [info] > git rev-parse --show-toplevel [0ms]
2025-12-30 22:41:32.953 [info] fatal: not a git repository (or any parent up to mount point /)
Stopping at filesystem boundary (GIT_DISCOVERY_ACROSS_FILESYSTEM not set).
2025-12-30 22:41:32.953 [info] > git rev-parse --show-toplevel [1ms]
2025-12-30 22:41:32.953 [info] fatal: not a git repository (or any parent up to mount point /)
Stopping at filesystem boundary (GIT_DISCOVERY_ACROSS_FILESYSTEM not set).
2025-12-30 22:41:32.953 [info] > git rev-parse --show-toplevel [2ms]
2025-12-30 22:41:32.953 [info] fatal: not a git repository (or any parent up to mount point /)
Stopping at filesystem boundary (GIT_DISCOVERY_ACROSS_FILESYSTEM not set).
2025-12-30 22:41:32.953 [info] > git rev-parse --show-toplevel [1ms]
2025-12-30 22:41:32.953 [info] fatal: not a git repository (or any parent up to mount point /)
Stopping at filesystem boundary (GIT_DISCOVERY_ACROSS_FILESYSTEM not set).
2025-12-30 22:41:32.953 [info] > git rev-parse --show-toplevel [0ms]
2025-12-30 22:41:32.953 [info] fatal: not a git repository (or any parent up to mount point /)
Stopping at filesystem boundary (GIT_DISCOVERY_ACROSS_FILESYSTEM not set).
2025-12-30 22:41:32.953 [info] > git rev-parse --show-toplevel [1ms]
2025-12-30 22:41:32.953 [info] fatal: not a git repository (or any parent up to mount point /)
Stopping at filesystem boundary (GIT_DISCOVERY_ACROSS_FILESYSTEM not set).
2025-12-30 22:41:32.953 [info] > git rev-parse --show-toplevel [1ms]
2025-12-30 22:41:32.953 [info] fatal: not a git repository (or any parent up to mount point /)
Stopping at filesystem boundary (GIT_DISCOVERY_ACROSS_FILESYSTEM not set).
2025-12-30 22:41:32.953 [info] > git rev-parse --show-toplevel [0ms]
2025-12-30 22:41:32.953 [info] fatal: not a git repository (or any parent up to mount point /)
Stopping at filesystem boundary (GIT_DISCOVERY_ACROSS_FILESYSTEM not set).
2025-12-30 22:41:32.972 [info] > git rev-parse --show-toplevel [17ms]
2025-12-30 22:41:32.972 [info] fatal: not a git repository (or any parent up to mount point /)
Stopping at filesystem boundary (GIT_DISCOVERY_ACROSS_FILESYSTEM not set).
2025-12-30 22:41:33.051 [info] > git rev-parse --show-toplevel [77ms]
2025-12-30 22:41:33.051 [info] fatal: not a git repository (or any parent up to mount point /)
Stopping at filesystem boundary (GIT_DISCOVERY_ACROSS_FILESYSTEM not set).
2025-12-30 22:41:33.092 [info] > git rev-parse --show-toplevel [2ms]
2025-12-30 22:41:33.092 [info] fatal: not a git repository (or any parent up to mount point /)
Stopping at filesystem boundary (GIT_DISCOVERY_ACROSS_FILESYSTEM not set).
2025-12-30 22:41:33.095 [info] > git rev-parse --show-toplevel [1ms]
2025-12-30 22:41:33.095 [info] fatal: not a git repository (or any parent up to mount point /)
Stopping at filesystem boundary (GIT_DISCOVERY_ACROSS_FILESYSTEM not set).
2025-12-30 22:41:33.098 [info] > git rev-parse --show-toplevel [1ms]
2025-12-30 22:41:33.098 [info] fatal: not a git repository (or any parent up to mount point /)
Stopping at filesystem boundary (GIT_DISCOVERY_ACROSS_FILESYSTEM not set).
2025-12-30 22:41:33.100 [info] > git rev-parse --show-toplevel [0ms]
2025-12-30 22:41:33.100 [info] fatal: not a git repository (or any parent up to mount point /)
Stopping at filesystem boundary (GIT_DISCOVERY_ACROSS_FILESYSTEM not set).
2025-12-30 22:41:33.102 [info] > git rev-parse --show-toplevel [0ms]
2025-12-30 22:41:33.102 [info] fatal: not a git repository (or any parent up to mount point /)
Stopping at filesystem boundary (GIT_DISCOVERY_ACROSS_FILESYSTEM not set).
2025-12-30 22:41:33.105 [info] > git rev-parse --show-toplevel [1ms]
2025-12-30 22:41:33.105 [info] fatal: not a git repository (or any parent up to mount point /)
Stopping at filesystem boundary (GIT_DISCOVERY_ACROSS_FILESYSTEM not set).
2025-12-30 22:41:33.107 [info] > git rev-parse --show-toplevel [1ms]
2025-12-30 22:41:33.107 [info] fatal: not a git repository (or any parent up to mount point /)
Stopping at filesystem boundary (GIT_DISCOVERY_ACROSS_FILESYSTEM not set).
2025-12-30 22:41:33.109 [info] > git rev-parse --show-toplevel [1ms]
2025-12-30 22:41:33.109 [info] fatal: not a git repository (or any parent up to mount point /)
Stopping at filesystem boundary (GIT_DISCOVERY_ACROSS_FILESYSTEM not set).
2025-12-30 22:41:33.111 [info] > git rev-parse --show-toplevel [0ms]
2025-12-30 22:41:33.114 [info] > git rev-parse --git-dir --git-common-dir --show-superproject-working-tree [1ms]
2025-12-30 22:41:33.121 [info] [Model][openRepository] Opened repository (path): /home/bator/.config/rofi
2025-12-30 22:41:33.121 [info] [Model][openRepository] Opened repository (real path): /home/bator/.config/rofi
2025-12-30 22:41:33.121 [info] [Model][openRepository] Opened repository (kind): repository
2025-12-30 22:41:33.128 [info] > git rev-parse --show-toplevel [1ms]
2025-12-30 22:41:33.128 [info] fatal: not a git repository (or any parent up to mount point /)
Stopping at filesystem boundary (GIT_DISCOVERY_ACROSS_FILESYSTEM not set).
2025-12-30 22:41:33.128 [info] > git config --get commit.template [3ms]
2025-12-30 22:41:33.134 [info] > git rev-parse --show-toplevel [3ms]
2025-12-30 22:41:33.134 [info] fatal: not a git repository (or any parent up to mount point /)
Stopping at filesystem boundary (GIT_DISCOVERY_ACROSS_FILESYSTEM not set).
2025-12-30 22:41:33.137 [info] > git for-each-ref --format=%(refname)%00%(upstream:short)%00%(objectname)%00%(upstream:track)%00%(upstream:remotename)%00%(upstream:remoteref) refs/heads/main refs/remotes/main [4ms]
2025-12-30 22:41:33.139 [warning] [Git][revParse] Unable to read file: ENOENT: no such file or directory, open '/home/bator/.config/rofi/.git/refs/remotes/origin/main'
2025-12-30 22:41:33.139 [info] > git rev-parse --show-toplevel [2ms]
2025-12-30 22:41:33.139 [info] fatal: not a git repository (or any parent up to mount point /)
Stopping at filesystem boundary (GIT_DISCOVERY_ACROSS_FILESYSTEM not set).
2025-12-30 22:41:33.142 [info] > git rev-parse refs/remotes/origin/main [3ms]
2025-12-30 22:41:33.147 [info] > git status -z -uall [3ms]
2025-12-30 22:41:33.147 [info] > git rev-parse --show-toplevel [6ms]
2025-12-30 22:41:33.147 [info] fatal: not a git repository (or any parent up to mount point /)
Stopping at filesystem boundary (GIT_DISCOVERY_ACROSS_FILESYSTEM not set).
2025-12-30 22:41:33.150 [info] > git for-each-ref --sort -committerdate --format %(refname)%00%(objectname)%00%(*objectname) [4ms]
2025-12-30 22:41:33.162 [info] > git for-each-ref --format=%(refname)%00%(upstream:short)%00%(objectname)%00%(upstream:track)%00%(upstream:remotename)%00%(upstream:remoteref) refs/heads/main refs/remotes/main [5ms]
2025-12-30 22:41:33.164 [info] > git rev-parse --show-toplevel [14ms]
2025-12-30 22:41:33.164 [info] fatal: not a git repository (or any parent up to mount point /)
Stopping at filesystem boundary (GIT_DISCOVERY_ACROSS_FILESYSTEM not set).
2025-12-30 22:41:33.168 [info] > git config --get --local branch.main.vscode-merge-base [4ms]
2025-12-30 22:41:33.171 [info] > git config --get commit.template [9ms]
2025-12-30 22:41:33.172 [info] > git rev-parse --show-toplevel [4ms]
2025-12-30 22:41:33.172 [info] fatal: not a git repository (or any parent up to mount point /)
Stopping at filesystem boundary (GIT_DISCOVERY_ACROSS_FILESYSTEM not set).
2025-12-30 22:41:33.173 [info] [Model][doInitialScan] Initial repository scan completed - repositories (1), closed repositories (0), parent repositories (0), unsafe repositories (0)
2025-12-30 22:41:33.176 [info] > git for-each-ref --format=%(refname)%00%(upstream:short)%00%(objectname)%00%(upstream:track)%00%(upstream:remotename)%00%(upstream:remoteref) refs/heads/origin/main refs/remotes/origin/main [5ms]
2025-12-30 22:41:33.180 [info] > git merge-base refs/heads/main refs/remotes/origin/main [1ms]
2025-12-30 22:41:33.183 [info] > git for-each-ref --format=%(refname)%00%(upstream:short)%00%(objectname)%00%(upstream:track)%00%(upstream:remotename)%00%(upstream:remoteref) refs/heads/main refs/remotes/main [7ms]
2025-12-30 22:41:33.186 [warning] [Git][revParse] Unable to read file: ENOENT: no such file or directory, open '/home/bator/.config/rofi/.git/refs/remotes/origin/main'
2025-12-30 22:41:33.186 [info] > git diff --name-status -z --diff-filter=ADMR --find-renames=50% c2cdf691e6ee5b52e765e31f10e116e357d47713...refs/remotes/origin/main -- [3ms]
2025-12-30 22:41:33.187 [info] > git rev-parse refs/remotes/origin/main [2ms]
2025-12-30 22:41:33.191 [info] > git status -z -uall [2ms]
2025-12-30 22:41:33.191 [info] > git for-each-ref --sort -committerdate --format %(refname)%00%(objectname)%00%(*objectname) [1ms]
2025-12-30 22:41:33.646 [info] > git check-ignore -v -z --stdin [2ms]
2025-12-30 22:41:34.663 [info] > git rev-parse --show-toplevel [0ms]
2025-12-30 22:41:34.663 [info] fatal: not a git repository (or any parent up to mount point /)
Stopping at filesystem boundary (GIT_DISCOVERY_ACROSS_FILESYSTEM not set).
2025-12-30 22:42:59.865 [info] > git rev-parse --show-toplevel [0ms]
2025-12-30 22:42:59.865 [info] fatal: not a git repository (or any parent up to mount point /)
Stopping at filesystem boundary (GIT_DISCOVERY_ACROSS_FILESYSTEM not set).
2025-12-30 22:43:00.837 [info] > git rev-parse --show-toplevel [1ms]
2025-12-30 22:43:00.837 [info] fatal: not a git repository (or any parent up to mount point /)
Stopping at filesystem boundary (GIT_DISCOVERY_ACROSS_FILESYSTEM not set).
