2025-12-31 03:43:01.868 [info] Reading sessions from keychain...
2025-12-31 03:43:01.868 [info] Getting sessions for all scopes...
2025-12-31 03:43:01.868 [info] Got 0 sessions for ...
2025-12-31 03:43:01.868 [info] Getting sessions for all scopes...
2025-12-31 03:43:01.868 [info] Got 0 sessions for ...
2025-12-31 03:43:01.868 [info] Getting sessions for all scopes...
2025-12-31 03:43:01.868 [info] Got 0 sessions for ...
2025-12-31 03:43:01.868 [info] Getting sessions for all scopes...
2025-12-31 03:43:01.868 [info] Got 0 sessions for ...
2025-12-31 03:43:01.868 [info] Getting sessions for all scopes...
2025-12-31 03:43:01.868 [info] Got 0 sessions for ...
2025-12-31 03:43:01.868 [info] Getting sessions for all scopes...
2025-12-31 03:43:01.868 [info] Got 0 sessions for ...
2025-12-31 03:43:01.868 [info] Getting sessions for all scopes...
2025-12-31 03:43:01.868 [info] Got 0 sessions for ...
2025-12-31 03:43:01.868 [info] Getting sessions for all scopes...
2025-12-31 03:43:01.868 [info] Got 0 sessions for ...
2025-12-31 03:43:01.868 [info] Getting sessions for all scopes...
2025-12-31 03:43:01.868 [info] Got 0 sessions for ...
2025-12-31 03:43:01.868 [info] Getting sessions for all scopes...
2025-12-31 03:43:01.868 [info] Got 0 sessions for ...
2025-12-31 03:43:01.868 [info] Getting sessions for all scopes...
2025-12-31 03:43:01.868 [info] Got 0 sessions for ...
2025-12-31 03:43:01.868 [info] Getting sessions for all scopes...
2025-12-31 03:43:01.868 [info] Got 0 sessions for ...
2025-12-31 03:43:01.868 [info] Getting sessions for all scopes...
2025-12-31 03:43:01.868 [info] Got 0 sessions for ...
2025-12-31 03:43:01.868 [info] Getting sessions for all scopes...
2025-12-31 03:43:01.868 [info] Got 0 sessions for ...
2025-12-31 03:43:01.868 [info] Getting sessions for all scopes...
2025-12-31 03:43:01.868 [info] Got 0 sessions for ...
2025-12-31 03:43:02.237 [info] Getting sessions for read:user,repo,user:email,workflow...
2025-12-31 03:43:02.237 [info] Got 0 sessions for read:user,repo,user:email,workflow...
2025-12-31 03:43:03.919 [info] Getting sessions for all scopes...
2025-12-31 03:43:03.919 [info] Got 0 sessions for ...
