2025-12-31 03:43:01.917 [info] [main] Log level: Info
2025-12-31 03:43:01.917 [info] [main] Validating found git in: "git"
2025-12-31 03:43:01.917 [info] [main] Using git "2.52.0" from "git"
2025-12-31 03:43:01.917 [info] [Model][doInitialScan] Initial repository scan started
2025-12-31 03:43:01.917 [info] > git rev-parse --show-toplevel [7ms]
2025-12-31 03:43:01.917 [info] > git rev-parse --git-dir --git-common-dir --show-superproject-working-tree [2ms]
2025-12-31 03:43:01.917 [info] [Model][openRepository] Opened repository (path): /home/bator/.config
2025-12-31 03:43:01.917 [info] [Model][openRepository] Opened repository (real path): /home/bator/.config
2025-12-31 03:43:01.917 [info] [Model][openRepository] Opened repository (kind): repository
2025-12-31 03:43:01.917 [info] > git config --get commit.template [3ms]
2025-12-31 03:43:01.917 [info] > git rev-parse --show-toplevel [1ms]
2025-12-31 03:43:01.917 [info] fatal: not a git repository (or any parent up to mount point /)
Stopping at filesystem boundary (GIT_DISCOVERY_ACROSS_FILESYSTEM not set).
2025-12-31 03:43:01.917 [info] > git for-each-ref --format=%(refname)%00%(upstream:short)%00%(objectname)%00%(upstream:track)%00%(upstream:remotename)%00%(upstream:remoteref) refs/heads/main refs/remotes/main [2ms]
2025-12-31 03:43:01.917 [info] > git rev-parse --show-toplevel [6ms]
2025-12-31 03:43:01.917 [info] > git for-each-ref --sort -committerdate --format %(refname)%00%(objectname)%00%(*objectname) [4ms]
2025-12-31 03:43:01.917 [info] > git rev-parse --show-toplevel [1ms]
2025-12-31 03:43:01.917 [info] > git rev-parse --show-toplevel [1ms]
2025-12-31 03:43:01.937 [info] > git rev-parse --show-toplevel [17ms]
2025-12-31 03:43:01.943 [info] > git rev-parse --show-toplevel [1ms]
2025-12-31 03:43:01.946 [info] > git rev-parse --show-toplevel [1ms]
2025-12-31 03:43:02.025 [info] > git rev-parse --show-toplevel [77ms]
2025-12-31 03:43:02.063 [info] > git rev-parse --show-toplevel [1ms]
2025-12-31 03:43:02.067 [info] > git rev-parse --show-toplevel [1ms]
2025-12-31 03:43:02.070 [info] > git rev-parse --show-toplevel [1ms]
2025-12-31 03:43:02.072 [info] > git rev-parse --show-toplevel [0ms]
2025-12-31 03:43:02.075 [info] > git rev-parse --show-toplevel [0ms]
2025-12-31 03:43:02.078 [info] > git rev-parse --show-toplevel [1ms]
2025-12-31 03:43:02.081 [info] > git rev-parse --show-toplevel [1ms]
2025-12-31 03:43:02.084 [info] > git rev-parse --show-toplevel [1ms]
2025-12-31 03:43:02.087 [info] > git rev-parse --show-toplevel [1ms]
2025-12-31 03:43:02.093 [info] > git rev-parse --show-toplevel [4ms]
2025-12-31 03:43:02.096 [info] > git rev-parse --show-toplevel [1ms]
2025-12-31 03:43:02.100 [info] > git rev-parse --show-toplevel [0ms]
2025-12-31 03:43:02.103 [info] > git rev-parse --show-toplevel [1ms]
2025-12-31 03:43:02.106 [info] > git rev-parse --show-toplevel [1ms]
2025-12-31 03:43:02.109 [info] > git rev-parse --show-toplevel [1ms]
2025-12-31 03:43:02.112 [info] > git rev-parse --show-toplevel [1ms]
2025-12-31 03:43:02.115 [info] > git rev-parse --show-toplevel [1ms]
2025-12-31 03:43:02.118 [info] > git rev-parse --show-toplevel [1ms]
2025-12-31 03:43:02.124 [info] > git rev-parse --git-dir --git-common-dir --show-superproject-working-tree [3ms]
2025-12-31 03:43:02.127 [info] [Model][openRepository] Opened repository (path): /home/bator/.config/rofi
2025-12-31 03:43:02.127 [info] [Model][openRepository] Opened repository (real path): /home/bator/.config/rofi
2025-12-31 03:43:02.127 [info] [Model][openRepository] Opened repository (kind): submodule
2025-12-31 03:43:02.132 [info] > git config --get commit.template [2ms]
2025-12-31 03:43:02.132 [info] > git rev-parse --show-toplevel [1ms]
2025-12-31 03:43:02.137 [info] > git for-each-ref --format=%(refname)%00%(upstream:short)%00%(objectname)%00%(upstream:track)%00%(upstream:remotename)%00%(upstream:remoteref) refs/heads/main refs/remotes/main [3ms]
2025-12-31 03:43:02.139 [warning] [Git][revParse] Unable to read file: ENOENT: no such file or directory, open '/home/bator/.config/rofi/.git/refs/remotes/origin/main'
2025-12-31 03:43:02.140 [info] > git rev-parse --show-toplevel [4ms]
2025-12-31 03:43:02.142 [info] > git rev-parse refs/remotes/origin/main [3ms]
2025-12-31 03:43:02.148 [info] > git status -z -uall [4ms]
2025-12-31 03:43:02.148 [info] > git rev-parse --show-toplevel [6ms]
2025-12-31 03:43:02.151 [info] > git for-each-ref --sort -committerdate --format %(refname)%00%(objectname)%00%(*objectname) [4ms]
2025-12-31 03:43:02.163 [info] > git for-each-ref --format=%(refname)%00%(upstream:short)%00%(objectname)%00%(upstream:track)%00%(upstream:remotename)%00%(upstream:remoteref) refs/heads/main refs/remotes/main [6ms]
2025-12-31 03:43:02.167 [info] > git rev-parse --show-toplevel [17ms]
2025-12-31 03:43:02.169 [info] > git config --get commit.template [9ms]
2025-12-31 03:43:02.170 [info] > git config --get --local branch.main.vscode-merge-base [3ms]
2025-12-31 03:43:02.173 [info] > git rev-parse --show-toplevel [4ms]
2025-12-31 03:43:02.176 [info] > git for-each-ref --format=%(refname)%00%(upstream:short)%00%(objectname)%00%(upstream:track)%00%(upstream:remotename)%00%(upstream:remoteref) refs/heads/origin/main refs/remotes/origin/main [5ms]
2025-12-31 03:43:02.179 [info] > git rev-parse --show-toplevel [3ms]
2025-12-31 03:43:02.181 [info] [Model][doInitialScan] Initial repository scan completed - repositories (2), closed repositories (0), parent repositories (0), unsafe repositories (0)
2025-12-31 03:43:02.182 [info] > git for-each-ref --format=%(refname)%00%(upstream:short)%00%(objectname)%00%(upstream:track)%00%(upstream:remotename)%00%(upstream:remoteref) refs/heads/main refs/remotes/main [9ms]
2025-12-31 03:43:02.184 [warning] [Git][revParse] Unable to read file: ENOENT: no such file or directory, open '/home/bator/.config/rofi/.git/refs/remotes/origin/main'
2025-12-31 03:43:02.184 [info] > git merge-base refs/heads/main refs/remotes/origin/main [6ms]
2025-12-31 03:43:02.188 [info] > git rev-parse refs/remotes/origin/main [4ms]
2025-12-31 03:43:02.194 [info] > git status -z -uall [3ms]
2025-12-31 03:43:02.194 [info] > git diff --name-status -z --diff-filter=ADMR --find-renames=50% c2cdf691e6ee5b52e765e31f10e116e357d47713...refs/remotes/origin/main -- [7ms]
2025-12-31 03:43:02.195 [info] > git for-each-ref --sort -committerdate --format %(refname)%00%(objectname)%00%(*objectname) [1ms]
2025-12-31 03:43:02.206 [info] > git status -z -uall [300ms]
2025-12-31 03:43:02.215 [info] > git for-each-ref --format=%(refname)%00%(upstream:short)%00%(objectname)%00%(upstream:track)%00%(upstream:remotename)%00%(upstream:remoteref) refs/heads/main refs/remotes/main [4ms]
2025-12-31 03:43:02.219 [info] > git config --get --local branch.main.vscode-merge-base [2ms]
2025-12-31 03:43:02.219 [warning] [Git][config] git config failed: Failed to execute git
2025-12-31 03:43:02.222 [info] > git config --get commit.template [7ms]
2025-12-31 03:43:02.227 [info] > git reflog main --grep-reflog=branch: Created from *. [5ms]
2025-12-31 03:43:02.231 [info] > git symbolic-ref --short refs/remotes/origin/HEAD [2ms]
2025-12-31 03:43:02.231 [info] fatal: ref refs/remotes/origin/HEAD is not a symbolic ref
2025-12-31 03:43:02.231 [warning] [Repository][getDefaultBranch] Failed to get default branch details: Failed to execute git.
2025-12-31 03:43:02.234 [info] > git for-each-ref --format=%(refname)%00%(upstream:short)%00%(objectname)%00%(upstream:track)%00%(upstream:remotename)%00%(upstream:remoteref) refs/heads/main refs/remotes/main [7ms]
2025-12-31 03:43:02.235 [info] > git merge-base refs/heads/main refs/remotes/origin/main [1ms]
2025-12-31 03:43:02.242 [info] > git diff --name-status -z --diff-filter=ADMR --find-renames=50% 9ec2e87d0852305a4ffba5363a886d8f8b11a9c6...refs/remotes/origin/main -- [5ms]
2025-12-31 03:43:02.245 [info] > git for-each-ref --sort -committerdate --format %(refname)%00%(objectname)%00%(*objectname) [4ms]
2025-12-31 03:43:02.299 [info] > git status -z -uall [60ms]
2025-12-31 03:43:02.731 [info] > git check-ignore -v -z --stdin [1ms]
2025-12-31 03:43:02.733 [info] > git check-ignore -v -z --stdin [6ms]
2025-12-31 03:43:05.695 [info] > git config --get commit.template [3ms]
2025-12-31 03:43:05.696 [info] > git for-each-ref --format=%(refname)%00%(upstream:short)%00%(objectname)%00%(upstream:track)%00%(upstream:remotename)%00%(upstream:remoteref) refs/heads/main refs/remotes/main [2ms]
2025-12-31 03:43:05.702 [info] > git for-each-ref --sort -committerdate --format %(refname)%00%(objectname)%00%(*objectname) [2ms]
2025-12-31 03:43:05.758 [info] > git status -z -uall [60ms]
2025-12-31 03:43:09.982 [info] > git check-ignore -v -z --stdin [2ms]
2025-12-31 03:43:10.766 [info] > git config --get commit.template [2ms]
2025-12-31 03:43:10.767 [info] > git for-each-ref --format=%(refname)%00%(upstream:short)%00%(objectname)%00%(upstream:track)%00%(upstream:remotename)%00%(upstream:remoteref) refs/heads/main refs/remotes/main [1ms]
2025-12-31 03:43:10.772 [info] > git for-each-ref --sort -committerdate --format %(refname)%00%(objectname)%00%(*objectname) [1ms]
2025-12-31 03:43:10.810 [info] > git show --textconv :waybar/config [3ms]
2025-12-31 03:43:10.811 [info] > git ls-files --stage -- waybar/config [1ms]
2025-12-31 03:43:10.814 [info] > git cat-file -s 1241ab76dbab6568c6505623a04aa3fcff278d70 [1ms]
2025-12-31 03:43:10.829 [info] > git blame --root --incremental 73682c428c85bbab5cc311d28705376991bb637d -- waybar/config [1ms]
2025-12-31 03:43:10.831 [info] > git status -z -uall [61ms]
