2025-12-31 11:08:15.584 [info] Reading sessions from keychain...
2025-12-31 11:08:15.584 [info] Getting sessions for all scopes...
2025-12-31 11:08:15.584 [info] Got 0 sessions for ...
2025-12-31 11:08:15.584 [info] Getting sessions for all scopes...
2025-12-31 11:08:15.584 [info] Got 0 sessions for ...
2025-12-31 11:08:15.584 [info] Getting sessions for all scopes...
2025-12-31 11:08:15.584 [info] Got 0 sessions for ...
2025-12-31 11:08:15.584 [info] Getting sessions for all scopes...
2025-12-31 11:08:15.584 [info] Got 0 sessions for ...
2025-12-31 11:08:15.584 [info] Getting sessions for all scopes...
2025-12-31 11:08:15.584 [info] Got 0 sessions for ...
2025-12-31 11:08:15.584 [info] Getting sessions for all scopes...
2025-12-31 11:08:15.584 [info] Got 0 sessions for ...
2025-12-31 11:08:15.584 [info] Getting sessions for all scopes...
2025-12-31 11:08:15.584 [info] Got 0 sessions for ...
2025-12-31 11:08:15.584 [info] Getting sessions for all scopes...
2025-12-31 11:08:15.584 [info] Got 0 sessions for ...
2025-12-31 11:08:15.584 [info] Getting sessions for all scopes...
2025-12-31 11:08:15.584 [info] Got 0 sessions for ...
2025-12-31 11:08:15.584 [info] Getting sessions for all scopes...
2025-12-31 11:08:15.584 [info] Got 0 sessions for ...
2025-12-31 11:08:15.584 [info] Getting sessions for all scopes...
2025-12-31 11:08:15.584 [info] Got 0 sessions for ...
2025-12-31 11:08:15.584 [info] Getting sessions for all scopes...
2025-12-31 11:08:15.584 [info] Got 0 sessions for ...
2025-12-31 11:08:15.584 [info] Getting sessions for all scopes...
2025-12-31 11:08:15.584 [info] Got 0 sessions for ...
2025-12-31 11:08:15.644 [info] Getting sessions for all scopes...
2025-12-31 11:08:15.644 [info] Got 0 sessions for ...
2025-12-31 11:08:15.644 [info] Getting sessions for all scopes...
2025-12-31 11:08:15.644 [info] Got 0 sessions for ...
2025-12-31 11:08:16.151 [info] Getting sessions for read:user,repo,user:email,workflow...
2025-12-31 11:08:16.151 [info] Got 0 sessions for read:user,repo,user:email,workflow...
2025-12-31 11:08:17.692 [info] Getting sessions for all scopes...
2025-12-31 11:08:17.692 [info] Got 0 sessions for ...
