2025-12-31 10:41:59.730 [info] Reading sessions from keychain...
2025-12-31 10:41:59.730 [info] Getting sessions for all scopes...
2025-12-31 10:41:59.730 [info] Got 0 sessions for ...
2025-12-31 10:41:59.730 [info] Getting sessions for all scopes...
2025-12-31 10:41:59.730 [info] Got 0 sessions for ...
2025-12-31 10:41:59.730 [info] Getting sessions for all scopes...
2025-12-31 10:41:59.730 [info] Got 0 sessions for ...
2025-12-31 10:41:59.730 [info] Getting sessions for all scopes...
2025-12-31 10:41:59.730 [info] Got 0 sessions for ...
2025-12-31 10:41:59.730 [info] Getting sessions for all scopes...
2025-12-31 10:41:59.730 [info] Got 0 sessions for ...
2025-12-31 10:41:59.742 [info] Getting sessions for all scopes...
2025-12-31 10:41:59.742 [info] Got 0 sessions for ...
2025-12-31 10:41:59.742 [info] Getting sessions for all scopes...
2025-12-31 10:41:59.742 [info] Got 0 sessions for ...
2025-12-31 10:41:59.742 [info] Getting sessions for all scopes...
2025-12-31 10:41:59.742 [info] Got 0 sessions for ...
2025-12-31 10:41:59.742 [info] Getting sessions for all scopes...
2025-12-31 10:41:59.742 [info] Got 0 sessions for ...
2025-12-31 10:41:59.742 [info] Getting sessions for all scopes...
2025-12-31 10:41:59.742 [info] Got 0 sessions for ...
2025-12-31 10:41:59.777 [info] Getting sessions for all scopes...
2025-12-31 10:41:59.777 [info] Got 0 sessions for ...
2025-12-31 10:41:59.777 [info] Getting sessions for all scopes...
2025-12-31 10:41:59.777 [info] Got 0 sessions for ...
2025-12-31 10:41:59.777 [info] Getting sessions for all scopes...
2025-12-31 10:41:59.777 [info] Got 0 sessions for ...
2025-12-31 10:41:59.777 [info] Getting sessions for all scopes...
2025-12-31 10:41:59.777 [info] Got 0 sessions for ...
2025-12-31 10:41:59.777 [info] Getting sessions for all scopes...
2025-12-31 10:41:59.777 [info] Got 0 sessions for ...
2025-12-31 10:41:59.777 [info] Getting sessions for all scopes...
2025-12-31 10:41:59.777 [info] Got 0 sessions for ...
2025-12-31 10:42:00.171 [info] Getting sessions for read:user,repo,user:email,workflow...
2025-12-31 10:42:00.171 [info] Got 0 sessions for read:user,repo,user:email,workflow...
2025-12-31 10:42:01.609 [info] Getting sessions for all scopes...
2025-12-31 10:42:01.609 [info] Got 0 sessions for ...
2025-12-31 10:42:41.502 [info] Reading sessions from keychain...
2025-12-31 10:42:41.502 [info] Getting sessions for all scopes...
2025-12-31 10:42:41.502 [info] Got 0 sessions for ...
2025-12-31 10:42:41.502 [info] Getting sessions for all scopes...
2025-12-31 10:42:41.502 [info] Got 0 sessions for ...
2025-12-31 10:42:41.502 [info] Getting sessions for all scopes...
2025-12-31 10:42:41.502 [info] Got 0 sessions for ...
2025-12-31 10:42:41.502 [info] Getting sessions for all scopes...
2025-12-31 10:42:41.502 [info] Got 0 sessions for ...
2025-12-31 10:42:41.502 [info] Getting sessions for all scopes...
2025-12-31 10:42:41.502 [info] Got 0 sessions for ...
2025-12-31 10:42:42.459 [info] Getting sessions for read:user,repo,user:email,workflow...
2025-12-31 10:42:42.459 [info] Got 0 sessions for read:user,repo,user:email,workflow...
2025-12-31 10:42:43.734 [info] Getting sessions for read:user,repo,user:email,workflow...
2025-12-31 10:42:43.734 [info] Got 0 sessions for read:user,repo,user:email,workflow...
2025-12-31 10:42:45.490 [info] Getting sessions for read:user,repo,user:email,workflow...
2025-12-31 10:42:45.490 [info] Got 0 sessions for read:user,repo,user:email,workflow...
