2025-12-31 03:12:12.427 [info] Reading sessions from keychain...
2025-12-31 03:12:12.427 [info] Getting sessions for all scopes...
2025-12-31 03:12:12.441 [info] Got 0 sessions for ...
2025-12-31 03:12:12.441 [info] Getting sessions for all scopes...
2025-12-31 03:12:12.441 [info] Got 0 sessions for ...
2025-12-31 03:12:12.441 [info] Getting sessions for all scopes...
2025-12-31 03:12:12.441 [info] Got 0 sessions for ...
2025-12-31 03:12:12.441 [info] Getting sessions for all scopes...
2025-12-31 03:12:12.441 [info] Got 0 sessions for ...
2025-12-31 03:12:12.441 [info] Getting sessions for all scopes...
2025-12-31 03:12:12.441 [info] Got 0 sessions for ...
2025-12-31 03:12:12.441 [info] Getting sessions for all scopes...
2025-12-31 03:12:12.441 [info] Got 0 sessions for ...
2025-12-31 03:12:12.442 [info] Getting sessions for all scopes...
2025-12-31 03:12:12.442 [info] Got 0 sessions for ...
2025-12-31 03:12:12.442 [info] Getting sessions for all scopes...
2025-12-31 03:12:12.442 [info] Got 0 sessions for ...
2025-12-31 03:12:12.442 [info] Getting sessions for all scopes...
2025-12-31 03:12:12.442 [info] Got 0 sessions for ...
2025-12-31 03:12:12.447 [info] Getting sessions for all scopes...
2025-12-31 03:12:12.447 [info] Got 0 sessions for ...
2025-12-31 03:12:12.447 [info] Getting sessions for all scopes...
2025-12-31 03:12:12.447 [info] Got 0 sessions for ...
2025-12-31 03:12:12.447 [info] Getting sessions for all scopes...
2025-12-31 03:12:12.447 [info] Got 0 sessions for ...
2025-12-31 03:12:12.447 [info] Getting sessions for all scopes...
2025-12-31 03:12:12.447 [info] Got 0 sessions for ...
2025-12-31 03:12:12.447 [info] Getting sessions for all scopes...
2025-12-31 03:12:12.447 [info] Got 0 sessions for ...
2025-12-31 03:12:12.447 [info] Getting sessions for all scopes...
2025-12-31 03:12:12.447 [info] Got 0 sessions for ...
2025-12-31 03:12:12.903 [info] Getting sessions for read:user,repo,user:email,workflow...
2025-12-31 03:12:12.903 [info] Got 0 sessions for read:user,repo,user:email,workflow...
2025-12-31 03:12:14.191 [info] Getting sessions for all scopes...
2025-12-31 03:12:14.191 [info] Got 0 sessions for ...
