12/30/2025, 6:33:04 PM GMT+1 0: 

----------------------------------------------
12/30/2025, 6:33:04 PM GMT+1 1: Discord starting: {"releaseChannel":"stable","version":"0.0.119"}, modulepath: /home/bator/.config/discord/0.0.119/modules
12/30/2025, 6:33:04 PM GMT+1 2: ✅ webContents.created web1 "index.html"
12/30/2025, 6:33:04 PM GMT+1 3: ✅ window.created win1 "discord"
12/30/2025, 6:33:04 PM GMT+1 4: ✅ webContents.did-finish-load web1
12/30/2025, 6:33:12 PM GMT+1 5: ✅ webContents.created web2 ""
12/30/2025, 6:33:12 PM GMT+1 6: ✅ window.created win2 "Discord"
12/30/2025, 6:33:13 PM GMT+1 7: ✅ webContents.did-finish-load web2
12/30/2025, 6:33:14 PM GMT+1 8: window.close win1
12/30/2025, 6:33:14 PM GMT+1 9: webContents.destroyed web1
12/30/2025, 6:33:15 PM GMT+1 10: window.closed win1
12/30/2025, 6:33:17 PM GMT+1 11: window.close win2
12/30/2025, 6:33:42 PM GMT+1 12: window.close win2
12/30/2025, 6:33:47 PM GMT+1 13: before-quit
12/30/2025, 6:33:47 PM GMT+1 14: window.close win2
12/30/2025, 6:33:47 PM GMT+1 15: webContents.destroyed web2
12/30/2025, 6:33:56 PM GMT+1 0: 

----------------------------------------------
12/30/2025, 6:33:56 PM GMT+1 1: Discord starting: {"releaseChannel":"stable","version":"0.0.119"}, modulepath: /home/bator/.config/discord/0.0.119/modules
12/30/2025, 6:33:56 PM GMT+1 2: ✅ webContents.created web1 "index.html"
12/30/2025, 6:33:56 PM GMT+1 3: ✅ window.created win1 "discord"
12/30/2025, 6:33:56 PM GMT+1 4: ✅ webContents.did-finish-load web1
12/30/2025, 6:33:56 PM GMT+1 5: ✅ webContents.created web2 ""
12/30/2025, 6:33:56 PM GMT+1 6: ✅ window.created win2 "Discord"
12/30/2025, 6:33:57 PM GMT+1 7: ✅ webContents.did-finish-load web2
12/30/2025, 6:33:58 PM GMT+1 8: window.close win1
12/30/2025, 6:33:59 PM GMT+1 9: webContents.destroyed web1
12/30/2025, 6:33:59 PM GMT+1 10: window.closed win1
12/30/2025, 6:34:00 PM GMT+1 11: ✅ webContents.did-finish-load web2
12/30/2025, 6:36:10 PM GMT+1 12: window.close win2
12/30/2025, 6:43:41 PM GMT+1 13: before-quit
