2025-12-31 03:12:12.728 [info] [main] Log level: Info
2025-12-31 03:12:12.728 [info] [main] Validating found git in: "git"
2025-12-31 03:12:12.728 [info] [main] Using git "2.52.0" from "git"
2025-12-31 03:12:12.728 [info] [Model][doInitialScan] Initial repository scan started
2025-12-31 03:12:12.728 [info] > git rev-parse --show-toplevel [1ms]
2025-12-31 03:12:12.728 [info] > git rev-parse --git-dir --git-common-dir --show-superproject-working-tree [2ms]
2025-12-31 03:12:12.728 [info] [Model][openRepository] Opened repository (path): /home/bator/.config
2025-12-31 03:12:12.728 [info] [Model][openRepository] Opened repository (real path): /home/bator/.config
2025-12-31 03:12:12.728 [info] [Model][openRepository] Opened repository (kind): repository
2025-12-31 03:12:12.728 [info] > git config --get commit.template [3ms]
2025-12-31 03:12:12.728 [info] > git rev-parse --show-toplevel [3ms]
2025-12-31 03:12:12.728 [info] > git for-each-ref --format=%(refname)%00%(upstream:short)%00%(objectname)%00%(upstream:track)%00%(upstream:remotename)%00%(upstream:remoteref) refs/heads/main refs/remotes/main [4ms]
2025-12-31 03:12:12.728 [info] > git rev-parse --show-toplevel [1ms]
2025-12-31 03:12:12.728 [info] > git for-each-ref --sort -committerdate --format %(refname)%00%(objectname)%00%(*objectname) [2ms]
2025-12-31 03:12:12.728 [info] > git rev-parse --show-toplevel [1ms]
2025-12-31 03:12:12.728 [info] > git rev-parse --show-toplevel [18ms]
2025-12-31 03:12:12.728 [info] > git rev-parse --show-toplevel [78ms]
2025-12-31 03:12:12.772 [info] > git rev-parse --show-toplevel [3ms]
2025-12-31 03:12:12.776 [info] > git rev-parse --show-toplevel [1ms]
2025-12-31 03:12:12.779 [info] > git rev-parse --show-toplevel [1ms]
2025-12-31 03:12:12.783 [info] > git rev-parse --show-toplevel [2ms]
2025-12-31 03:12:12.786 [info] > git rev-parse --show-toplevel [1ms]
2025-12-31 03:12:12.789 [info] > git rev-parse --show-toplevel [1ms]
2025-12-31 03:12:12.792 [info] > git rev-parse --show-toplevel [1ms]
2025-12-31 03:12:12.795 [info] > git rev-parse --show-toplevel [1ms]
2025-12-31 03:12:12.798 [info] > git rev-parse --show-toplevel [1ms]
2025-12-31 03:12:12.801 [info] > git rev-parse --show-toplevel [1ms]
2025-12-31 03:12:12.804 [info] > git rev-parse --show-toplevel [1ms]
2025-12-31 03:12:12.807 [info] > git rev-parse --show-toplevel [1ms]
2025-12-31 03:12:12.810 [info] > git rev-parse --show-toplevel [1ms]
2025-12-31 03:12:12.812 [info] > git rev-parse --show-toplevel [0ms]
2025-12-31 03:12:12.815 [info] > git rev-parse --show-toplevel [1ms]
2025-12-31 03:12:12.817 [info] > git rev-parse --show-toplevel [1ms]
2025-12-31 03:12:12.820 [info] > git rev-parse --show-toplevel [1ms]
2025-12-31 03:12:12.823 [info] > git rev-parse --show-toplevel [1ms]
2025-12-31 03:12:12.826 [info] > git rev-parse --show-toplevel [1ms]
2025-12-31 03:12:12.828 [info] > git rev-parse --show-toplevel [0ms]
2025-12-31 03:12:12.833 [info] > git rev-parse --git-dir --git-common-dir --show-superproject-working-tree [3ms]
2025-12-31 03:12:12.836 [info] [Model][openRepository] Opened repository (path): /home/bator/.config/rofi
2025-12-31 03:12:12.836 [info] [Model][openRepository] Opened repository (real path): /home/bator/.config/rofi
2025-12-31 03:12:12.836 [info] [Model][openRepository] Opened repository (kind): submodule
2025-12-31 03:12:12.845 [info] > git rev-parse --show-toplevel [3ms]
2025-12-31 03:12:12.845 [info] > git config --get commit.template [5ms]
2025-12-31 03:12:12.851 [info] > git rev-parse --show-toplevel [2ms]
2025-12-31 03:12:12.855 [info] > git for-each-ref --format=%(refname)%00%(upstream:short)%00%(objectname)%00%(upstream:track)%00%(upstream:remotename)%00%(upstream:remoteref) refs/heads/main refs/remotes/main [4ms]
2025-12-31 03:12:12.857 [warning] [Git][revParse] Unable to read file: ENOENT: no such file or directory, open '/home/bator/.config/rofi/.git/refs/remotes/origin/main'
2025-12-31 03:12:12.858 [info] > git rev-parse --show-toplevel [4ms]
2025-12-31 03:12:12.860 [info] > git rev-parse refs/remotes/origin/main [3ms]
2025-12-31 03:12:12.865 [info] > git status -z -uall [3ms]
2025-12-31 03:12:12.866 [info] > git rev-parse --show-toplevel [6ms]
2025-12-31 03:12:12.868 [info] > git for-each-ref --sort -committerdate --format %(refname)%00%(objectname)%00%(*objectname) [4ms]
2025-12-31 03:12:12.880 [info] > git for-each-ref --format=%(refname)%00%(upstream:short)%00%(objectname)%00%(upstream:track)%00%(upstream:remotename)%00%(upstream:remoteref) refs/heads/main refs/remotes/main [3ms]
2025-12-31 03:12:12.883 [info] > git rev-parse --show-toplevel [14ms]
2025-12-31 03:12:12.885 [info] > git config --get commit.template [5ms]
2025-12-31 03:12:12.885 [info] > git rev-parse --show-toplevel [0ms]
2025-12-31 03:12:12.887 [info] [Model][doInitialScan] Initial repository scan completed - repositories (2), closed repositories (0), parent repositories (0), unsafe repositories (0)
2025-12-31 03:12:12.888 [info] > git config --get --local branch.main.vscode-merge-base [6ms]
2025-12-31 03:12:12.894 [info] > git for-each-ref --format=%(refname)%00%(upstream:short)%00%(objectname)%00%(upstream:track)%00%(upstream:remotename)%00%(upstream:remoteref) refs/heads/main refs/remotes/main [1ms]
2025-12-31 03:12:12.894 [info] > git for-each-ref --format=%(refname)%00%(upstream:short)%00%(objectname)%00%(upstream:track)%00%(upstream:remotename)%00%(upstream:remoteref) refs/heads/origin/main refs/remotes/origin/main [3ms]
2025-12-31 03:12:12.900 [warning] [Git][revParse] Unable to read file: ENOENT: no such file or directory, open '/home/bator/.config/rofi/.git/refs/remotes/origin/main'
2025-12-31 03:12:12.901 [info] > git merge-base refs/heads/main refs/remotes/origin/main [4ms]
2025-12-31 03:12:12.903 [info] > git rev-parse refs/remotes/origin/main [3ms]
2025-12-31 03:12:12.908 [info] > git status -z -uall [3ms]
2025-12-31 03:12:12.908 [info] > git diff --name-status -z --diff-filter=ADMR --find-renames=50% c2cdf691e6ee5b52e765e31f10e116e357d47713...refs/remotes/origin/main -- [5ms]
2025-12-31 03:12:12.909 [info] > git for-each-ref --sort -committerdate --format %(refname)%00%(objectname)%00%(*objectname) [1ms]
2025-12-31 03:12:12.970 [info] > git status -z -uall [350ms]
2025-12-31 03:12:12.988 [info] > git for-each-ref --format=%(refname)%00%(upstream:short)%00%(objectname)%00%(upstream:track)%00%(upstream:remotename)%00%(upstream:remoteref) refs/heads/main refs/remotes/main [4ms]
2025-12-31 03:12:12.996 [info] > git config --get --local branch.main.vscode-merge-base [3ms]
2025-12-31 03:12:12.996 [warning] [Git][config] git config failed: Failed to execute git
2025-12-31 03:12:13.000 [info] > git config --get commit.template [11ms]
2025-12-31 03:12:13.003 [info] > git reflog main --grep-reflog=branch: Created from *. [4ms]
2025-12-31 03:12:13.005 [info] > git for-each-ref --format=%(refname)%00%(upstream:short)%00%(objectname)%00%(upstream:track)%00%(upstream:remotename)%00%(upstream:remoteref) refs/heads/main refs/remotes/main [2ms]
2025-12-31 03:12:13.006 [info] > git symbolic-ref --short refs/remotes/origin/HEAD [1ms]
2025-12-31 03:12:13.006 [info] fatal: ref refs/remotes/origin/HEAD is not a symbolic ref
2025-12-31 03:12:13.006 [warning] [Repository][getDefaultBranch] Failed to get default branch details: Failed to execute git.
2025-12-31 03:12:13.017 [info] > git merge-base refs/heads/main refs/remotes/origin/main [7ms]
2025-12-31 03:12:13.020 [info] > git for-each-ref --sort -committerdate --format %(refname)%00%(objectname)%00%(*objectname) [3ms]
2025-12-31 03:12:13.020 [info] > git diff --name-status -z --diff-filter=ADMR --find-renames=50% 9ec2e87d0852305a4ffba5363a886d8f8b11a9c6...refs/remotes/origin/main -- [1ms]
2025-12-31 03:12:13.116 [info] > git status -z -uall [102ms]
2025-12-31 03:12:13.374 [info] > git check-ignore -v -z --stdin [3ms]
2025-12-31 03:12:13.382 [info] > git check-ignore -v -z --stdin [19ms]
2025-12-31 03:12:13.500 [info] > git show --textconv :waybar/style.css [13ms]
2025-12-31 03:12:13.506 [info] > git ls-files --stage -- waybar/style.css [8ms]
2025-12-31 03:12:13.514 [info] > git cat-file -s 2d8ae330eb4ef6a736423bd3229e904429f18f7e [2ms]
2025-12-31 03:12:13.559 [info] > git blame --root --incremental 9ec2e87d0852305a4ffba5363a886d8f8b11a9c6 -- waybar/style.css [1ms]
2025-12-31 03:12:16.678 [info] > git config --get commit.template [5ms]
2025-12-31 03:12:16.680 [info] > git for-each-ref --format=%(refname)%00%(upstream:short)%00%(objectname)%00%(upstream:track)%00%(upstream:remotename)%00%(upstream:remoteref) refs/heads/main refs/remotes/main [4ms]
2025-12-31 03:12:16.688 [info] > git for-each-ref --sort -committerdate --format %(refname)%00%(objectname)%00%(*objectname) [1ms]
2025-12-31 03:12:16.758 [info] > git status -z -uall [74ms]
2025-12-31 03:12:21.773 [info] > git config --get commit.template [3ms]
2025-12-31 03:12:21.774 [info] > git for-each-ref --format=%(refname)%00%(upstream:short)%00%(objectname)%00%(upstream:track)%00%(upstream:remotename)%00%(upstream:remoteref) refs/heads/main refs/remotes/main [1ms]
2025-12-31 03:12:21.780 [info] > git for-each-ref --sort -committerdate --format %(refname)%00%(objectname)%00%(*objectname) [2ms]
2025-12-31 03:12:21.847 [info] > git status -z -uall [70ms]
2025-12-31 03:12:26.874 [info] > git config --get commit.template [10ms]
2025-12-31 03:12:26.876 [info] > git for-each-ref --format=%(refname)%00%(upstream:short)%00%(objectname)%00%(upstream:track)%00%(upstream:remotename)%00%(upstream:remoteref) refs/heads/main refs/remotes/main [4ms]
2025-12-31 03:12:26.895 [info] > git for-each-ref --sort -committerdate --format %(refname)%00%(objectname)%00%(*objectname) [4ms]
2025-12-31 03:12:26.966 [info] > git status -z -uall [83ms]
2025-12-31 03:12:40.236 [info] > git config --get commit.template [3ms]
2025-12-31 03:12:40.237 [info] > git for-each-ref --format=%(refname)%00%(upstream:short)%00%(objectname)%00%(upstream:track)%00%(upstream:remotename)%00%(upstream:remoteref) refs/heads/main refs/remotes/main [1ms]
2025-12-31 03:12:40.246 [info] > git for-each-ref --sort -committerdate --format %(refname)%00%(objectname)%00%(*objectname) [2ms]
2025-12-31 03:12:40.322 [info] > git status -z -uall [82ms]
2025-12-31 03:12:42.317 [info] > git check-ignore -v -z --stdin [2ms]
2025-12-31 03:12:42.716 [info] > git show --textconv :hypr/hyprland.conf [4ms]
2025-12-31 03:12:42.717 [info] > git ls-files --stage -- hypr/hyprland.conf [1ms]
2025-12-31 03:12:42.721 [info] > git cat-file -s 8447173f286d83cdf8ecd1679f5cd86862d974ac [1ms]
2025-12-31 03:12:42.731 [info] > git blame --root --incremental 9ec2e87d0852305a4ffba5363a886d8f8b11a9c6 -- hypr/hyprland.conf [1ms]
2025-12-31 03:12:45.355 [info] > git config --get commit.template [10ms]
2025-12-31 03:12:45.359 [info] > git for-each-ref --format=%(refname)%00%(upstream:short)%00%(objectname)%00%(upstream:track)%00%(upstream:remotename)%00%(upstream:remoteref) refs/heads/main refs/remotes/main [6ms]
2025-12-31 03:12:45.373 [info] > git for-each-ref --sort -committerdate --format %(refname)%00%(objectname)%00%(*objectname) [3ms]
2025-12-31 03:12:45.438 [info] > git status -z -uall [73ms]
2025-12-31 03:12:50.451 [info] > git config --get commit.template [2ms]
2025-12-31 03:12:50.451 [info] > git for-each-ref --format=%(refname)%00%(upstream:short)%00%(objectname)%00%(upstream:track)%00%(upstream:remotename)%00%(upstream:remoteref) refs/heads/main refs/remotes/main [1ms]
2025-12-31 03:12:50.457 [info] > git for-each-ref --sort -committerdate --format %(refname)%00%(objectname)%00%(*objectname) [1ms]
2025-12-31 03:12:50.522 [info] > git status -z -uall [68ms]
2025-12-31 03:12:55.542 [info] > git config --get commit.template [5ms]
2025-12-31 03:12:55.544 [info] > git for-each-ref --format=%(refname)%00%(upstream:short)%00%(objectname)%00%(upstream:track)%00%(upstream:remotename)%00%(upstream:remoteref) refs/heads/main refs/remotes/main [2ms]
2025-12-31 03:12:55.556 [info] > git for-each-ref --sort -committerdate --format %(refname)%00%(objectname)%00%(*objectname) [1ms]
2025-12-31 03:12:55.634 [info] > git status -z -uall [86ms]
2025-12-31 03:13:00.660 [info] > git config --get commit.template [9ms]
2025-12-31 03:13:00.663 [info] > git for-each-ref --format=%(refname)%00%(upstream:short)%00%(objectname)%00%(upstream:track)%00%(upstream:remotename)%00%(upstream:remoteref) refs/heads/main refs/remotes/main [4ms]
2025-12-31 03:13:00.683 [info] > git for-each-ref --sort -committerdate --format %(refname)%00%(objectname)%00%(*objectname) [4ms]
2025-12-31 03:13:00.764 [info] > git status -z -uall [93ms]
2025-12-31 03:13:05.787 [info] > git config --get commit.template [9ms]
2025-12-31 03:13:05.788 [info] > git for-each-ref --format=%(refname)%00%(upstream:short)%00%(objectname)%00%(upstream:track)%00%(upstream:remotename)%00%(upstream:remoteref) refs/heads/main refs/remotes/main [4ms]
2025-12-31 03:13:05.801 [info] > git for-each-ref --sort -committerdate --format %(refname)%00%(objectname)%00%(*objectname) [4ms]
2025-12-31 03:13:05.873 [info] > git status -z -uall [80ms]
2025-12-31 03:13:10.900 [info] > git config --get commit.template [10ms]
2025-12-31 03:13:10.903 [info] > git for-each-ref --format=%(refname)%00%(upstream:short)%00%(objectname)%00%(upstream:track)%00%(upstream:remotename)%00%(upstream:remoteref) refs/heads/main refs/remotes/main [4ms]
2025-12-31 03:13:10.923 [info] > git for-each-ref --sort -committerdate --format %(refname)%00%(objectname)%00%(*objectname) [2ms]
2025-12-31 03:13:10.991 [info] > git status -z -uall [79ms]
2025-12-31 03:13:16.018 [info] > git config --get commit.template [9ms]
2025-12-31 03:13:16.021 [info] > git for-each-ref --format=%(refname)%00%(upstream:short)%00%(objectname)%00%(upstream:track)%00%(upstream:remotename)%00%(upstream:remoteref) refs/heads/main refs/remotes/main [4ms]
2025-12-31 03:13:16.037 [info] > git for-each-ref --sort -committerdate --format %(refname)%00%(objectname)%00%(*objectname) [4ms]
2025-12-31 03:13:16.127 [info] > git status -z -uall [100ms]
2025-12-31 03:13:21.153 [info] > git config --get commit.template [10ms]
2025-12-31 03:13:21.156 [info] > git for-each-ref --format=%(refname)%00%(upstream:short)%00%(objectname)%00%(upstream:track)%00%(upstream:remotename)%00%(upstream:remoteref) refs/heads/main refs/remotes/main [5ms]
2025-12-31 03:13:21.178 [info] > git for-each-ref --sort -committerdate --format %(refname)%00%(objectname)%00%(*objectname) [5ms]
2025-12-31 03:13:21.264 [info] > git status -z -uall [99ms]
2025-12-31 03:13:26.293 [info] > git config --get commit.template [7ms]
2025-12-31 03:13:26.294 [info] > git for-each-ref --format=%(refname)%00%(upstream:short)%00%(objectname)%00%(upstream:track)%00%(upstream:remotename)%00%(upstream:remoteref) refs/heads/main refs/remotes/main [2ms]
2025-12-31 03:13:26.308 [info] > git for-each-ref --sort -committerdate --format %(refname)%00%(objectname)%00%(*objectname) [2ms]
2025-12-31 03:13:26.376 [info] > git status -z -uall [77ms]
2025-12-31 03:13:31.408 [info] > git config --get commit.template [8ms]
2025-12-31 03:13:31.411 [info] > git for-each-ref --format=%(refname)%00%(upstream:short)%00%(objectname)%00%(upstream:track)%00%(upstream:remotename)%00%(upstream:remoteref) refs/heads/main refs/remotes/main [4ms]
2025-12-31 03:13:31.428 [info] > git for-each-ref --sort -committerdate --format %(refname)%00%(objectname)%00%(*objectname) [5ms]
2025-12-31 03:13:31.494 [info] > git status -z -uall [78ms]
2025-12-31 03:13:36.523 [info] > git config --get commit.template [10ms]
2025-12-31 03:13:36.525 [info] > git for-each-ref --format=%(refname)%00%(upstream:short)%00%(objectname)%00%(upstream:track)%00%(upstream:remotename)%00%(upstream:remoteref) refs/heads/main refs/remotes/main [3ms]
2025-12-31 03:13:36.543 [info] > git for-each-ref --sort -committerdate --format %(refname)%00%(objectname)%00%(*objectname) [3ms]
2025-12-31 03:13:36.613 [info] > git status -z -uall [82ms]
2025-12-31 03:13:55.910 [info] > git config --get commit.template [4ms]
2025-12-31 03:13:55.911 [info] > git for-each-ref --format=%(refname)%00%(upstream:short)%00%(objectname)%00%(upstream:track)%00%(upstream:remotename)%00%(upstream:remoteref) refs/heads/main refs/remotes/main [1ms]
2025-12-31 03:13:55.916 [info] > git for-each-ref --sort -committerdate --format %(refname)%00%(objectname)%00%(*objectname) [1ms]
2025-12-31 03:13:55.986 [info] > git status -z -uall [73ms]
