2025-12-31 10:53:53.603 [info] Reading sessions from keychain...
2025-12-31 10:53:53.603 [info] Getting sessions for all scopes...
2025-12-31 10:53:53.605 [info] Got 0 sessions for ...
2025-12-31 10:53:53.605 [info] Getting sessions for all scopes...
2025-12-31 10:53:53.605 [info] Got 0 sessions for ...
2025-12-31 10:53:53.605 [info] Getting sessions for all scopes...
2025-12-31 10:53:53.605 [info] Got 0 sessions for ...
2025-12-31 10:53:53.606 [info] Getting sessions for all scopes...
2025-12-31 10:53:53.606 [info] Got 0 sessions for ...
2025-12-31 10:53:53.606 [info] Getting sessions for all scopes...
2025-12-31 10:53:53.606 [info] Got 0 sessions for ...
2025-12-31 10:53:53.606 [info] Getting sessions for all scopes...
2025-12-31 10:53:53.606 [info] Got 0 sessions for ...
2025-12-31 10:53:53.606 [info] Getting sessions for all scopes...
2025-12-31 10:53:53.606 [info] Got 0 sessions for ...
2025-12-31 10:53:53.606 [info] Getting sessions for all scopes...
2025-12-31 10:53:53.606 [info] Got 0 sessions for ...
2025-12-31 10:53:53.606 [info] Getting sessions for all scopes...
2025-12-31 10:53:53.606 [info] Got 0 sessions for ...
2025-12-31 10:53:53.611 [info] Getting sessions for all scopes...
2025-12-31 10:53:53.611 [info] Got 0 sessions for ...
2025-12-31 10:53:53.611 [info] Getting sessions for all scopes...
2025-12-31 10:53:53.611 [info] Got 0 sessions for ...
2025-12-31 10:53:53.611 [info] Getting sessions for all scopes...
2025-12-31 10:53:53.611 [info] Got 0 sessions for ...
2025-12-31 10:53:53.612 [info] Getting sessions for all scopes...
2025-12-31 10:53:53.612 [info] Got 0 sessions for ...
2025-12-31 10:53:53.612 [info] Getting sessions for all scopes...
2025-12-31 10:53:53.612 [info] Got 0 sessions for ...
2025-12-31 10:53:53.612 [info] Getting sessions for all scopes...
2025-12-31 10:53:53.612 [info] Got 0 sessions for ...
2025-12-31 10:53:54.079 [info] Getting sessions for read:user,repo,user:email,workflow...
2025-12-31 10:53:54.079 [info] Got 0 sessions for read:user,repo,user:email,workflow...
2025-12-31 10:53:54.221 [info] Getting sessions for read:user,repo,user:email,workflow...
2025-12-31 10:53:54.221 [info] Got 0 sessions for read:user,repo,user:email,workflow...
2025-12-31 10:53:54.365 [info] Getting sessions for read:user,repo,user:email,workflow...
2025-12-31 10:53:54.365 [info] Got 0 sessions for read:user,repo,user:email,workflow...
2025-12-31 10:53:55.580 [info] Getting sessions for all scopes...
2025-12-31 10:53:55.580 [info] Got 0 sessions for ...
2025-12-31 10:55:00.512 [info] Getting sessions for read:user,repo,user:email,workflow...
2025-12-31 10:55:00.512 [info] Got 0 sessions for read:user,repo,user:email,workflow...
