2025-12-31 00:57:22.200 [info] Extension host with pid 10291 started
2025-12-31 00:57:22.409 [info] ExtensionService#_doActivateExtension vscode.github-authentication, startup: false, activationEvent: 'onAuthenticationRequest:github'
2025-12-31 00:57:22.452 [info] ExtensionService#_doActivateExtension vscode.git-base, startup: true, activationEvent: '*', root cause: vscode.git
2025-12-31 00:57:22.455 [info] ExtensionService#_doActivateExtension vscode.git, startup: true, activationEvent: '*'
2025-12-31 00:57:22.492 [info] ExtensionService#_doActivateExtension vscode.github, startup: true, activationEvent: '*'
2025-12-31 00:57:22.584 [info] Eager extensions activated
2025-12-31 00:57:22.585 [info] ExtensionService#_doActivateExtension vscode.debug-auto-launch, startup: false, activationEvent: 'onStartupFinished'
2025-12-31 00:57:22.587 [info] ExtensionService#_doActivateExtension vscode.merge-conflict, startup: false, activationEvent: 'onStartupFinished'
2025-12-31 00:57:22.600 [info] ExtensionService#_doActivateExtension esbenp.prettier-vscode, startup: false, activationEvent: 'onStartupFinished'
2025-12-31 00:57:22.652 [info] ExtensionService#_doActivateExtension PKief.material-icon-theme, startup: false, activationEvent: 'onStartupFinished'
2025-12-31 00:57:30.829 [info] Extension host terminating: renderer closed the MessagePort
2025-12-31 00:57:30.837 [info] Extension host with pid 10291 exiting with code 0
2025-12-31 00:57:31.990 [info] Extension host with pid 12299 started
2025-12-31 00:57:31.990 [info] Skipping acquiring lock for /home/bator/.config/Code/User/workspaceStorage/8c7acb5566adae2ff85c0ac541649a43.
2025-12-31 00:57:32.011 [info] ExtensionService#_doActivateExtension vscode.github-authentication, startup: false, activationEvent: 'onAuthenticationRequest:github'
2025-12-31 00:57:32.031 [info] ExtensionService#_doActivateExtension vscode.emmet, startup: false, activationEvent: 'onLanguage'
2025-12-31 00:57:32.072 [info] ExtensionService#_doActivateExtension vscode.git-base, startup: true, activationEvent: '*', root cause: vscode.git
2025-12-31 00:57:32.075 [info] ExtensionService#_doActivateExtension vscode.git, startup: true, activationEvent: '*'
2025-12-31 00:57:32.110 [info] ExtensionService#_doActivateExtension vscode.github, startup: true, activationEvent: '*'
2025-12-31 00:57:32.207 [info] Eager extensions activated
2025-12-31 00:57:32.214 [info] ExtensionService#_doActivateExtension vscode.debug-auto-launch, startup: false, activationEvent: 'onStartupFinished'
2025-12-31 00:57:32.215 [info] ExtensionService#_doActivateExtension vscode.merge-conflict, startup: false, activationEvent: 'onStartupFinished'
2025-12-31 00:57:32.228 [info] ExtensionService#_doActivateExtension esbenp.prettier-vscode, startup: false, activationEvent: 'onStartupFinished'
2025-12-31 00:57:32.279 [info] ExtensionService#_doActivateExtension PKief.material-icon-theme, startup: false, activationEvent: 'onStartupFinished'
2025-12-31 00:59:31.521 [info] Extension host terminating: renderer closed the MessagePort
2025-12-31 00:59:31.540 [info] Extension host with pid 12299 exiting with code 0
